[    0.103887] dbg:  [libvfscore] (int) uk_syscall_do_open((const char*) 0xfe00, (int) 0xc1, (mode_t) 0x0)
[    0.105962] dbg:  [libposix_fdio] (ssize_t) uk_syscall_do_write((int) 0x0, (const void *) 0x1890dc, (size_t) 0x7a5)
[    0.108163] dbg:  [libvfscore] (int) uk_syscall_do_chmod((const char*) 0xfe00, (mode_t) 0x1b4)
[    0.109939] dbg:  [libvfscore] (int) uk_syscall_do_utime((const char *) 0xfe00, (const struct utimbuf *) 0xfd70)
[    0.112165] dbg:  [libvfscore] (int) uk_syscall_do_utimes((const char*) 0xfe00, (const struct timeval*) 0xfd00)
[    0.114340] dbg:  [libposix_fdtab] (int) uk_syscall_do_close((int) 0x0)
[    0.115726] dbg:  [libvfscore] (int) uk_syscall_do_open((const char*) 0xfe00, (int) 0xc1, (mode_t) 0x0)
[    0.117737] dbg:  [libposix_fdio] (ssize_t) uk_syscall_do_write((int) 0x0, (const void *) 0x189900, (size_t) 0x20)
[    0.119933] dbg:  [libvfscore] (int) uk_syscall_do_chmod((const char*) 0xfe00, (mode_t) 0x1b4)
[    0.121806] dbg:  [libvfscore] (int) uk_syscall_do_utime((const char *) 0xfe00, (const struct utimbuf *) 0xfd70)
[    0.124050] dbg:  [libvfscore] (int) uk_syscall_do_utimes((const char*) 0xfe00, (const struct timeval*) 0xfd00)
[    0.126265] dbg:  [libposix_fdtab] (int) uk_syscall_do_close((int) 0x0)
[    0.127713] dbg:  [libvfscore] (int) uk_syscall_do_mkdir((const char*) 0xfe00, (mode_t) 0x1ed)
[    0.129590] dbg:  [libvfscore] (int) uk_syscall_do_open((const char*) 0xfe00, (int) 0xc1, (mode_t) 0x0)
[    0.131596] dbg:  [libposix_fdio] (ssize_t) uk_syscall_do_write((int) 0x0, (const void *) 0x189a1c, (size_t) 0x9ea68)
[    0.134285] dbg:  [libvfscore] (int) uk_syscall_do_chmod((const char*) 0xfe00, (mode_t) 0x1ed)
[    0.136186] dbg:  [libvfscore] (int) uk_syscall_do_utime((const char *) 0xfe00, (const struct utimbuf *) 0xfd70)
[    0.138475] dbg:  [libvfscore] (int) uk_syscall_do_utimes((const char*) 0xfe00, (const struct timeval*) 0xfd00)
[    0.140655] dbg:  [libposix_fdtab] (int) uk_syscall_do_close((int) 0x0)
[    0.142100] dbg:  [libvfscore] (int) uk_syscall_do_open((const char*) 0xfe00, (int) 0xc1, (mode_t) 0x0)
[    0.144192] dbg:  [libposix_fdio] (ssize_t) uk_syscall_do_write((int) 0x0, (const void *) 0x228504, (size_t) 0x18770)
[    0.146653] dbg:  [libvfscore] (int) uk_syscall_do_chmod((const char*) 0xfe00, (mode_t) 0x1ed)
[    0.148568] dbg:  [libvfscore] (int) uk_syscall_do_utime((const char *) 0xfe00, (const struct utimbuf *) 0xfd70)
[    0.150848] dbg:  [libvfscore] (int) uk_syscall_do_utimes((const char*) 0xfe00, (const struct timeval*) 0xfd00)
[    0.153125] dbg:  [libposix_fdtab] (int) uk_syscall_do_close((int) 0x0)
[    0.154546] dbg:  [libvfscore] (int) uk_syscall_do_open((const char*) 0xfe00, (int) 0xc1, (mode_t) 0x0)
[    0.156618] dbg:  [libposix_fdio] (ssize_t) uk_syscall_do_write((int) 0x0, (const void *) 0x240cf0, (size_t) 0x213)
[    0.158968] dbg:  [libvfscore] (int) uk_syscall_do_chmod((const char*) 0xfe00, (mode_t) 0x1b4)
[    0.160899] dbg:  [libvfscore] (int) uk_syscall_do_utime((const char *) 0xfe00, (const struct utimbuf *) 0xfd70)
[    0.163084] dbg:  [libvfscore] (int) uk_syscall_do_utimes((const char*) 0xfe00, (const struct timeval*) 0xfd00)
[    0.165338] dbg:  [libposix_fdtab] (int) uk_syscall_do_close((int) 0x0)
[    0.166806] dbg:  [libvfscore] (int) uk_syscall_do_mkdir((const char*) 0xfe00, (mode_t) 0x1ed)
[    0.168703] dbg:  [libvfscore] (int) uk_syscall_do_mkdir((const char*) 0xfe00, (mode_t) 0x1ed)
[    0.170647] dbg:  [libvfscore] (int) uk_syscall_do_open((const char*) 0xfe00, (int) 0xc1, (mode_t) 0x0)
[    0.172714] dbg:  [libposix_fdio] (ssize_t) uk_syscall_do_write((int) 0x0, (const void *) 0x241070, (size_t) 0x70f5e8)
[    0.177582] dbg:  [libvfscore] (int) uk_syscall_do_chmod((const char*) 0xfe00, (mode_t) 0x1ed)
[    0.179535] dbg:  [libvfscore] (int) uk_syscall_do_utime((const char *) 0xfe00, (const struct utimbuf *) 0xfd70)
[    0.181770] dbg:  [libvfscore] (int) uk_syscall_do_utimes((const char*) 0xfe00, (const struct timeval*) 0xfd00)
[    0.183897] dbg:  [libposix_fdtab] (int) uk_syscall_do_close((int) 0x0)
[    0.185341] dbg:  [libvfscore] (int) uk_syscall_r_mkdir((const char*) 0x950e4d, (mode_t) 0x1c0)
[    0.187201] dbg:  [libvfscore] (int) uk_syscall_r_mount((const char*) 0x950e7d, (const char*) 0x950e4d, (const char*) 0x9536a4, (unsigned long) 0x0, (const void*) 0x0)
[    0.190547] dbg:  [libvfscore] (int) uk_syscall_r_stat((const char*) 0x950d39, (struct stat*) 0x10e70)
[    0.192600] dbg:  [libvfscore] (int) uk_syscall_r_mkdir((const char*) 0x950d39, (mode_t) 0x1ed)
[    0.194504] dbg:  [libvfscore] (int) uk_syscall_r_stat((const char*) 0x950d3e, (struct stat*) 0x10e70)
[    0.196527] dbg:  [libvfscore] (int) uk_syscall_r_open((const char*) 0x950d3e, (int) 0x241, (mode_t) 0x0)
[    0.198624] dbg:  [libvfscore] (int) uk_syscall_r_chmod((const char*) 0x950d3e, (mode_t) 0x1a4)
[    0.200632] dbg:  [libposix_fdtab] (int) uk_syscall_r_close((int) 0x3)
[    0.202107] dbg:  [libvfscore] (int) uk_syscall_r_stat((const char*) 0x950d70, (struct stat*) 0x10e70)
[    0.204114] dbg:  [libvfscore] (int) uk_syscall_r_open((const char*) 0x950d70, (int) 0x241, (mode_t) 0x0)
[    0.206176] dbg:  [libvfscore] (int) uk_syscall_r_chmod((const char*) 0x950d70, (mode_t) 0x1a4)
[    0.208066] dbg:  [libposix_fdio] (ssize_t) uk_syscall_r_write((int) 0x3, (const void *) 0x950d7b, (size_t) 0x14)
[    0.210322] dbg:  [libposix_fdtab] (int) uk_syscall_r_close((int) 0x3)
Powered by Unikraft Helene (0.18.0~324c3f7)
[    0.212656] dbg:  [libvfscore] (int) uk_syscall_r_open((const char*) 0x9a989c, (int) 0x0, (mode_t) 0x0)
[    0.214682] dbg:  [libposix_fdio] (int) uk_syscall_r_fstat((int) 0x3, (struct stat *) 0x1000064cd0)
[    0.216719] dbg:  [libposix_mmap] (void *) uk_syscall_e_mmap((void *) 0x0, (size_t) 0x70f5e8, (int) 0x1, (int) 0x2, (int) 0x3, (off_t) 0x0)
[    0.221097] dbg:  [libposix_mmap] (void *) uk_syscall_e_mmap((void *) 0x0, (size_t) 0x186000, (int) 0x5, (int) 0x22, (int) 0xffffffffffffffff, (off_t) 0x0)
[    0.224119] dbg:  [libposix_mmap] (int) uk_syscall_r_munmap((void *) 0x100083d000, (size_t) 0x186000)
[    0.226091] dbg:  [libposix_mmap] (void *) uk_syscall_e_mmap((void *) 0x100083d000, (size_t) 0xf678, (int) 0x5, (int) 0x12, (int) 0x3, (off_t) 0x0)
[    0.228940] dbg:  [libposix_mmap] (void *) uk_syscall_e_mmap((void *) 0x100084d000, (size_t) 0x12586e, (int) 0x5, (int) 0x12, (int) 0x3, (off_t) 0x10000)
[    0.232039] dbg:  [libposix_mmap] (void *) uk_syscall_e_mmap((void *) 0x1000973000, (size_t) 0x44894, (int) 0x5, (int) 0x12, (int) 0x3, (off_t) 0x136000)
[    0.235065] dbg:  [libposix_mmap] (void *) uk_syscall_e_mmap((void *) 0x10009b8000, (size_t) 0x95f8, (int) 0x7, (int) 0x12, (int) 0x3, (off_t) 0x17a000)
[    0.237930] dbg:  [libposix_mmap] (int) uk_syscall_r_munmap((void *) 0x100012d000, (size_t) 0x70f5e8)
[    0.240267] dbg:  [libposix_fdtab] (int) uk_syscall_r_close((int) 0x3)
[    0.241681] dbg:  [libvfscore] (int) uk_syscall_r_open((const char*) 0x40360f020, (int) 0x0, (mode_t) 0x0)
[    0.243896] dbg:  [libposix_fdio] (int) uk_syscall_r_fstat((int) 0x3, (struct stat *) 0x1000064cd0)
[    0.245785] dbg:  [libposix_mmap] (void *) uk_syscall_e_mmap((void *) 0x0, (size_t) 0x9ea68, (int) 0x1, (int) 0x2, (int) 0x3, (off_t) 0x0)
[    0.248579] dbg:  [libposix_mmap] (void *) uk_syscall_e_mmap((void *) 0x0, (size_t) 0xa4000, (int) 0x5, (int) 0x22, (int) 0xffffffffffffffff, (off_t) 0x0)
[    0.251532] dbg:  [libposix_mmap] (int) uk_syscall_r_munmap((void *) 0x10001cc000, (size_t) 0xa4000)
[    0.253567] dbg:  [libposix_mmap] (void *) uk_syscall_e_mmap((void *) 0x10001cc000, (size_t) 0x135a0, (int) 0x5, (int) 0x12, (int) 0x3, (off_t) 0x0)
[    0.256430] dbg:  [libposix_mmap] (void *) uk_syscall_e_mmap((void *) 0x10001e0000, (size_t) 0x5304f, (int) 0x5, (int) 0x12, (int) 0x3, (off_t) 0x14000)
[    0.259406] dbg:  [libposix_mmap] (void *) uk_syscall_e_mmap((void *) 0x1000234000, (size_t) 0x356a4, (int) 0x5, (int) 0x12, (int) 0x3, (off_t) 0x68000)
[    0.262372] dbg:  [libposix_mmap] (void *) uk_syscall_e_mmap((void *) 0x100026a000, (size_t) 0x1404, (int) 0x7, (int) 0x12, (int) 0x3, (off_t) 0x9d000)
[    0.265380] dbg:  [libposix_mmap] (void *) uk_syscall_e_mmap((void *) 0x100026c000, (size_t) 0x3000, (int) 0x7, (int) 0x32, (int) 0xffffffffffffffff, (off_t) 0x0)
[    0.268583] dbg:  [libposix_mmap] (int) uk_syscall_r_munmap((void *) 0x100012d000, (size_t) 0x9ea68)
[    0.270616] dbg:  [libposix_fdtab] (int) uk_syscall_r_close((int) 0x3)
[    0.272057] dbg:  [libsyscall_shim] Syscall enter table @ 0x965290 - 0x965298
[    0.273627] dbg:  [libsyscall_shim] Call syscall enter table entry: 0x1388e0(0x10000a3b28)...
[    0.275605] dbg:  [libsyscall_shim] Binary system call request "arch_prctl" (158) at ip:0x100022a7ee (arg0=0x1002, arg1=0x100026db08, ...)
[    0.278195] dbg:  [appelfloader] (long) uk_syscall_do_e_arch_prctl( execenv 0x10000a3b80, (long) 0x1002, (long) 0x100026db08, (long) 0x10)
[    0.280867] dbg:  [libsyscall_shim] Syscall exit table @ 0x965298 - 0x9652a0
[    0.282358] dbg:  [libsyscall_shim] Call syscall exit table entry: 0x13ecf0(0x10000a3b10)...
arch_prctl(0x1002, 0x100026db08, ...) = 0x0
[    0.285058] dbg:  [libsyscall_shim] Syscall enter table @ 0x965290 - 0x965298
[    0.286668] dbg:  [libsyscall_shim] Call syscall enter table entry: 0x1388e0(0x10000a3b28)...
[    0.288474] dbg:  [libsyscall_shim] Binary system call request "set_tid_address" (218) at ip:0x10001e8443 (arg0=0x100026df70, arg1=0x100026db08, ...)
[    0.291336] dbg:  [libsyscall_shim] syscall "set_tid_address" is not available
[    0.292918] dbg:  [libsyscall_shim] Syscall exit table @ 0x965298 - 0x9652a0
[    0.294412] dbg:  [libsyscall_shim] Call syscall exit table entry: 0x13ecf0(0x10000a3b10)...
set_tid_address(0x100026df70, 0x100026db08, ...) = Function not implemented (-38)
[    0.297824] dbg:  [libsyscall_shim] Syscall enter table @ 0x965290 - 0x965298
[    0.299344] dbg:  [libsyscall_shim] Call syscall enter table entry: 0x1388e0(0x10000a3b28)...
[    0.301152] dbg:  [libsyscall_shim] Binary system call request "brk" (12) at ip:0x10001f0fbd (arg0=0x0, arg1=0x1000064f20, ...)
[    0.303603] dbg:  [appelfloader] (void *) uk_syscall_do_brk((void *) 0x0)
[    0.305054] dbg:  [libsyscall_shim] Syscall exit table @ 0x965298 - 0x9652a0
[    0.306639] dbg:  [libsyscall_shim] Call syscall exit table entry: 0x13ecf0(0x10000a3b10)...
brk(NULL) = va:0x403400000
[    0.309063] dbg:  [libsyscall_shim] Syscall enter table @ 0x965290 - 0x965298
[    0.310633] dbg:  [libsyscall_shim] Call syscall enter table entry: 0x1388e0(0x10000a3b28)...
[    0.312477] dbg:  [libsyscall_shim] Binary system call request "brk" (12) at ip:0x10001f0fe2 (arg0=0x403402000, arg1=0x1000064f20, ...)
[    0.315145] dbg:  [appelfloader] (void *) uk_syscall_do_brk((void *) 0x403402000)
[    0.316860] dbg:  [libsyscall_shim] Syscall exit table @ 0x965298 - 0x9652a0
[    0.318481] dbg:  [libsyscall_shim] Call syscall exit table entry: 0x13ecf0(0x10000a3b10)...
brk(va:0x403402000) = va:0x403402000
[    0.321071] dbg:  [libsyscall_shim] Syscall enter table @ 0x965290 - 0x965298
[    0.322667] dbg:  [libsyscall_shim] Call syscall enter table entry: 0x1388e0(0x10000a3b28)...
[    0.324589] dbg:  [libsyscall_shim] Binary system call request "mmap" (9) at ip:0x1000205b29 (arg0=0x403400000, arg1=0x1000, ...)
[    0.327149] dbg:  [libposix_mmap] (void *) uk_syscall_do_mmap((void *) 0x403400000, (size_t) 0x1000, (int) 0x0, (int) 0x32, (int) 0xffffffffffffffff, (off_t) 0x0)
[    0.330353] dbg:  [libsyscall_shim] Syscall exit table @ 0x965298 - 0x9652a0
[    0.331908] dbg:  [libsyscall_shim] Call syscall exit table entry: 0x13ecf0(0x10000a3b10)...
mmap(va:0x403400000, 4096, PROT_NONE, MAP_PRIVATE|MAP_ANONYMOUS|MAP_FIXED, fd:-1, 0) = va:0x403400000
[    0.335734] dbg:  [libsyscall_shim] Syscall enter table @ 0x965290 - 0x965298
[    0.337322] dbg:  [libsyscall_shim] Call syscall enter table entry: 0x1388e0(0x10000a3b28)...
[    0.339212] dbg:  [libsyscall_shim] Binary system call request "open" (2) at ip:0x100022a862 (arg0=0x1000128850, arg1=0x88000, ...)
[    0.341809] dbg:  [libvfscore] (int) uk_syscall_do_open((const char*) 0x1000128850, (int) 0x88000, (mode_t) 0x0)
[    0.344032] dbg:  [libsyscall_shim] Syscall exit table @ 0x965298 - 0x9652a0
[    0.345588] dbg:  [libsyscall_shim] Call syscall exit table entry: 0x13ecf0(0x10000a3b10)...
open("/usr/local/lib/libz.so.1", O_RDONLY|O_CLOEXEC|0x8000) = No such file or directory (-2)
[    0.349243] dbg:  [libsyscall_shim] Syscall enter table @ 0x965290 - 0x965298
[    0.350857] dbg:  [libsyscall_shim] Call syscall enter table entry: 0x1388e0(0x10000a3b28)...
[    0.352754] dbg:  [libsyscall_shim] Binary system call request "open" (2) at ip:0x100022a862 (arg0=0x1000128850, arg1=0x88000, ...)
[    0.355281] dbg:  [libvfscore] (int) uk_syscall_do_open((const char*) 0x1000128850, (int) 0x88000, (mode_t) 0x0)
[    0.357491] dbg:  [libsyscall_shim] Syscall exit table @ 0x965298 - 0x9652a0
[    0.358983] dbg:  [libsyscall_shim] Call syscall exit table entry: 0x13ecf0(0x10000a3b10)...
open("/usr/lib/libz.so.1", O_RDONLY|O_CLOEXEC|0x8000) = No such file or directory (-2)
[    0.362557] dbg:  [libsyscall_shim] Syscall enter table @ 0x965290 - 0x965298
[    0.364162] dbg:  [libsyscall_shim] Call syscall enter table entry: 0x1388e0(0x10000a3b28)...
[    0.366073] dbg:  [libsyscall_shim] Binary system call request "open" (2) at ip:0x100022a862 (arg0=0x1000128850, arg1=0x88000, ...)
[    0.368713] dbg:  [libvfscore] (int) uk_syscall_do_open((const char*) 0x1000128850, (int) 0x88000, (mode_t) 0x0)
[    0.370965] dbg:  [libsyscall_shim] Syscall exit table @ 0x965298 - 0x9652a0
[    0.372519] dbg:  [libsyscall_shim] Call syscall exit table entry: 0x13ecf0(0x10000a3b10)...
open("/lib/libz.so.1", O_RDONLY|O_CLOEXEC|0x8000) = fd:3
[    0.375548] dbg:  [libsyscall_shim] Syscall enter table @ 0x965290 - 0x965298
[    0.377148] dbg:  [libsyscall_shim] Call syscall enter table entry: 0x1388e0(0x10000a3b28)...
[    0.378986] dbg:  [libsyscall_shim] Binary system call request "fcntl" (72) at ip:0x10001e9052 (arg0=0x3, arg1=0x2, ...)
[    0.381397] dbg:  [libposix_fdio] (int) uk_syscall_do_fcntl((int) 0x3, (unsigned int) 0x2, (unsigned long) 0x1)
[    0.383641] dbg:  [libsyscall_shim] Syscall exit table @ 0x965298 - 0x9652a0
[    0.385212] dbg:  [libsyscall_shim] Call syscall exit table entry: 0x13ecf0(0x10000a3b10)...
fcntl(0x3, 0x2, ...) = 0x0
[    0.387524] dbg:  [libsyscall_shim] Syscall enter table @ 0x965290 - 0x965298
[    0.389058] dbg:  [libsyscall_shim] Call syscall enter table entry: 0x1388e0(0x10000a3b28)...
[    0.390976] dbg:  [libsyscall_shim] Binary system call request "fstat" (5) at ip:0x100021a144 (arg0=0x3, arg1=0x1000128580, ...)
[    0.393519] dbg:  [libposix_fdio] (int) uk_syscall_do_fstat((int) 0x3, (struct stat *) 0x1000128580)
[    0.395547] dbg:  [libsyscall_shim] Syscall exit table @ 0x965298 - 0x9652a0
[    0.397080] dbg:  [libsyscall_shim] Call syscall exit table entry: 0x13ecf0(0x10000a3b10)...
fstat(fd:3, <out>stat:{st_size=100208, st_mode=0100755, ...}) = OK
[    0.400166] dbg:  [libsyscall_shim] Syscall enter table @ 0x965290 - 0x965298
[    0.401705] dbg:  [libsyscall_shim] Call syscall enter table entry: 0x1388e0(0x10000a3b28)...
[    0.403660] dbg:  [libsyscall_shim] Binary system call request "read" (0) at ip:0x100022a862 (arg0=0x3, arg1=0x1000128230, ...)
[    0.406225] dbg:  [libposix_fdio] (ssize_t) uk_syscall_do_read((int) 0x3, (void *) 0x1000128230, (size_t) 0x3c0)
[    0.408435] dbg:  [libsyscall_shim] Syscall exit table @ 0x965298 - 0x9652a0
[    0.409996] dbg:  [libsyscall_shim] Call syscall exit table entry: 0x13ecf0(0x10000a3b10)...
read(fd:3, <out>"\x7FELF\x02\x01\x01\x00\x00\x00\x00\x00\x00\x00\x00\x00\x03\x00>\x00\x01\x00\x00\x00"..., 960) = 960
[    0.414165] dbg:  [libsyscall_shim] Syscall enter table @ 0x965290 - 0x965298
[    0.415775] dbg:  [libsyscall_shim] Call syscall enter table entry: 0x1388e0(0x10000a3b28)...
[    0.417612] dbg:  [libsyscall_shim] Binary system call request "mmap" (9) at ip:0x1000205b29 (arg0=0x0, arg1=0x1a000, ...)
[    0.420017] dbg:  [libposix_mmap] (void *) uk_syscall_do_mmap((void *) 0x0, (size_t) 0x1a000, (int) 0x1, (int) 0x2, (int) 0x3, (off_t) 0x0)
[    0.422784] dbg:  [libsyscall_shim] Syscall exit table @ 0x965298 - 0x9652a0
[    0.424342] dbg:  [libsyscall_shim] Call syscall exit table entry: 0x13ecf0(0x10000a3b10)...
mmap(NULL, 106496, PROT_READ, MAP_PRIVATE, fd:3, 0) = va:0x100012d000
[    0.427577] dbg:  [libsyscall_shim] Syscall enter table @ 0x965290 - 0x965298
[    0.429157] dbg:  [libsyscall_shim] Call syscall enter table entry: 0x1388e0(0x10000a3b28)...
[    0.431111] dbg:  [libsyscall_shim] Binary system call request "mmap" (9) at ip:0x1000205b29 (arg0=0x1000130000, arg1=0xe000, ...)
[    0.433787] dbg:  [libposix_mmap] (void *) uk_syscall_do_mmap((void *) 0x1000130000, (size_t) 0xe000, (int) 0x5, (int) 0x12, (int) 0x3, (off_t) 0x3000)
[    0.436891] dbg:  [libsyscall_shim] Syscall exit table @ 0x965298 - 0x9652a0
[    0.438456] dbg:  [libsyscall_shim] Call syscall exit table entry: 0x13ecf0(0x10000a3b10)...
mmap(va:0x1000130000, 57344, PROT_EXEC|PROT_READ, MAP_PRIVATE|MAP_FIXED, fd:3, 12288) = va:0x1000130000
[    0.442353] dbg:  [libsyscall_shim] Syscall enter table @ 0x965290 - 0x965298
[    0.443937] dbg:  [libsyscall_shim] Call syscall enter table entry: 0x1388e0(0x10000a3b28)...
[    0.445844] dbg:  [libsyscall_shim] Binary system call request "mmap" (9) at ip:0x1000205b29 (arg0=0x100013e000, arg1=0x7000, ...)
[    0.448406] dbg:  [libposix_mmap] (void *) uk_syscall_do_mmap((void *) 0x100013e000, (size_t) 0x7000, (int) 0x1, (int) 0x12, (int) 0x3, (off_t) 0x11000)
[    0.451536] dbg:  [libsyscall_shim] Syscall exit table @ 0x965298 - 0x9652a0
[    0.453139] dbg:  [libsyscall_shim] Call syscall exit table entry: 0x13ecf0(0x10000a3b10)...
mmap(va:0x100013e000, 28672, PROT_READ, MAP_PRIVATE|MAP_FIXED, fd:3, 69632) = va:0x100013e000
[    0.456895] dbg:  [libsyscall_shim] Syscall enter table @ 0x965290 - 0x965298
[    0.458466] dbg:  [libsyscall_shim] Call syscall enter table entry: 0x1388e0(0x10000a3b28)...
[    0.460279] dbg:  [libsyscall_shim] Binary system call request "mmap" (9) at ip:0x1000205b29 (arg0=0x1000145000, arg1=0x2000, ...)
[    0.462810] dbg:  [libposix_mmap] (void *) uk_syscall_do_mmap((void *) 0x1000145000, (size_t) 0x2000, (int) 0x3, (int) 0x12, (int) 0x3, (off_t) 0x17000)
[    0.465850] dbg:  [libsyscall_shim] Syscall exit table @ 0x965298 - 0x9652a0
[    0.467429] dbg:  [libsyscall_shim] Call syscall exit table entry: 0x13ecf0(0x10000a3b10)...
mmap(va:0x1000145000, 8192, PROT_READ|PROT_WRITE, MAP_PRIVATE|MAP_FIXED, fd:3, 94208) = va:0x1000145000
[    0.471183] dbg:  [libsyscall_shim] Syscall enter table @ 0x965290 - 0x965298
[    0.472765] dbg:  [libsyscall_shim] Call syscall enter table entry: 0x1388e0(0x10000a3b28)...
[    0.474673] dbg:  [libsyscall_shim] Binary system call request "close" (3) at ip:0x100022a862 (arg0=0x3, arg1=0x0, ...)
[    0.476977] dbg:  [libposix_fdtab] (int) uk_syscall_do_close((int) 0x3)
[    0.478489] dbg:  [libsyscall_shim] Syscall exit table @ 0x965298 - 0x9652a0
[    0.480041] dbg:  [libsyscall_shim] Call syscall exit table entry: 0x13ecf0(0x10000a3b10)...
close(fd:3) = OK
[    0.482280] dbg:  [libsyscall_shim] Syscall enter table @ 0x965290 - 0x965298
[    0.483836] dbg:  [libsyscall_shim] Call syscall enter table entry: 0x1388e0(0x10000a3b28)...
[    0.485679] dbg:  [libsyscall_shim] Binary system call request "mprotect" (10) at ip:0x1000230351 (arg0=0x1000145000, arg1=0x1000, ...)
[    0.488379] dbg:  [libposix_mmap] (int) uk_syscall_do_mprotect((void *) 0x1000145000, (size_t) 0x1000, (int) 0x1)
[    0.490656] dbg:  [libsyscall_shim] Syscall exit table @ 0x965298 - 0x9652a0
[    0.492239] dbg:  [libsyscall_shim] Call syscall exit table entry: 0x13ecf0(0x10000a3b10)...
mprotect(va:0x1000145000, 4096, PROT_READ) = OK
[    0.494993] dbg:  [libsyscall_shim] Syscall enter table @ 0x965290 - 0x965298
[    0.496569] dbg:  [libsyscall_shim] Call syscall enter table entry: 0x1388e0(0x10000a3b28)...
[    0.498508] dbg:  [libsyscall_shim] Binary system call request "mprotect" (10) at ip:0x1000230351 (arg0=0x100026a000, arg1=0x1000, ...)
[    0.501190] dbg:  [libposix_mmap] (int) uk_syscall_do_mprotect((void *) 0x100026a000, (size_t) 0x1000, (int) 0x1)
[    0.503435] dbg:  [libsyscall_shim] Syscall exit table @ 0x965298 - 0x9652a0
[    0.504968] dbg:  [libsyscall_shim] Call syscall exit table entry: 0x13ecf0(0x10000a3b10)...
mprotect(va:0x100026a000, 4096, PROT_READ) = OK
[    0.507834] dbg:  [libsyscall_shim] Syscall enter table @ 0x965290 - 0x965298
[    0.509404] dbg:  [libsyscall_shim] Call syscall enter table entry: 0x1388e0(0x10000a3b28)...
[    0.511308] dbg:  [libsyscall_shim] Binary system call request "mprotect" (10) at ip:0x1000230351 (arg0=0x10009b8000, arg1=0x5000, ...)
[    0.513934] dbg:  [libposix_mmap] (int) uk_syscall_do_mprotect((void *) 0x10009b8000, (size_t) 0x5000, (int) 0x1)
[    0.516250] dbg:  [libsyscall_shim] Syscall exit table @ 0x965298 - 0x9652a0
[    0.517773] dbg:  [libsyscall_shim] Call syscall exit table entry: 0x13ecf0(0x10000a3b10)...
mprotect(va:0x10009b8000, 20480, PROT_READ) = OK
[    0.520545] dbg:  [libsyscall_shim] Syscall enter table @ 0x965290 - 0x965298
[    0.522077] dbg:  [libsyscall_shim] Call syscall enter table entry: 0x1388e0(0x10000a3b28)...
[    0.523948] dbg:  [libsyscall_shim] Binary system call request "ioctl" (16) at ip:0x100022e186 (arg0=0x2, arg1=0x5413, ...)
[    0.526418] dbg:  [libposix_fdio] (int) uk_syscall_do_ioctl((int) 0x2, (unsigned int) 0x5413, (void *) 0x1000127a38)
[    0.528765] dbg:  [libsyscall_shim] Syscall exit table @ 0x965298 - 0x9652a0
[    0.530318] dbg:  [libsyscall_shim] Call syscall exit table entry: 0x13ecf0(0x10000a3b10)...
ioctl(0x2, 0x5413, ...) = 0x0
[    0.532838] dbg:  [libsyscall_shim] Syscall enter table @ 0x965290 - 0x965298
[    0.534444] dbg:  [libsyscall_shim] Call syscall enter table entry: 0x1388e0(0x10000a3b28)...
[    0.536244] dbg:  [libsyscall_shim] Binary system call request "ioctl" (16) at ip:0x100022e186 (arg0=0x1, arg1=0x5413, ...)
[    0.538651] dbg:  [libposix_fdio] (int) uk_syscall_do_ioctl((int) 0x1, (unsigned int) 0x5413, (void *) 0x1000127a38)
[    0.541057] dbg:  [libsyscall_shim] Syscall exit table @ 0x965298 - 0x9652a0
[    0.542614] dbg:  [libsyscall_shim] Call syscall exit table entry: 0x13ecf0(0x10000a3b10)...
ioctl(0x1, 0x5413, ...) = 0x0
[    0.545042] dbg:  [libsyscall_shim] Syscall enter table @ 0x965290 - 0x965298
[    0.546621] dbg:  [libsyscall_shim] Call syscall enter table entry: 0x1388e0(0x10000a3b28)...
[    0.548517] dbg:  [libsyscall_shim] Binary system call request "ioctl" (16) at ip:0x100022e186 (arg0=0x0, arg1=0x5413, ...)
[    0.550963] dbg:  [libposix_fdio] (int) uk_syscall_do_ioctl((int) 0x0, (unsigned int) 0x5413, (void *) 0x1000127a38)
[    0.553297] dbg:  [libsyscall_shim] Syscall exit table @ 0x965298 - 0x9652a0
[    0.554840] dbg:  [libsyscall_shim] Call syscall exit table entry: 0x13ecf0(0x10000a3b10)...
ioctl(0x0, 0x5413, ...) = Inappropriate ioctl for device (-25)
[    0.557948] dbg:  [libsyscall_shim] Syscall enter table @ 0x965290 - 0x965298
[    0.559508] dbg:  [libsyscall_shim] Call syscall enter table entry: 0x1388e0(0x10000a3b28)...
[    0.561370] dbg:  [libsyscall_shim] Binary system call request "rt_sigprocmask" (14) at ip:0x10002197bb (arg0=0x1, arg1=0x10001278c0, ...)
[    0.564058] dbg:  [libposix_process] (int) uk_syscall_do_rt_sigprocmask((int) 0x1, (const uk_sigset_t *) 0x10001278c0, (uk_sigset_t *) 0x0, (size_t) 0x8)
[    0.567116] dbg:  [libsyscall_shim] Syscall exit table @ 0x965298 - 0x9652a0
[    0.568605] dbg:  [libsyscall_shim] Call syscall exit table entry: 0x13ecf0(0x10000a3b10)...
rt_sigprocmask(0x1, 0x10001278c0, ...) = 0x0
[    0.571251] dbg:  [libsyscall_shim] Syscall enter table @ 0x965290 - 0x965298
[    0.572822] dbg:  [libsyscall_shim] Call syscall enter table entry: 0x1388e0(0x10000a3b28)...
[    0.574713] dbg:  [libsyscall_shim] Binary system call request "rt_sigaction" (13) at ip:0x100021986a (arg0=0x2, arg1=0x10001278a0, ...)
[    0.577333] dbg:  [libposix_process] (int) uk_syscall_do_rt_sigaction((int) 0x2, (const struct kern_sigaction *) 0x10001278a0, (struct kern_sigaction *) 0x10001278c0, (size_t) 0x8)
[    0.580824] dbg:  [libsyscall_shim] Syscall exit table @ 0x965298 - 0x9652a0
[    0.582340] dbg:  [libsyscall_shim] Call syscall exit table entry: 0x13ecf0(0x10000a3b10)...
rt_sigaction(0x2, 0x10001278a0, ...) = 0x0
[    0.585053] dbg:  [libsyscall_shim] Syscall enter table @ 0x965290 - 0x965298
[    0.586641] dbg:  [libsyscall_shim] Call syscall enter table entry: 0x1388e0(0x10000a3b28)...
[    0.588481] dbg:  [libsyscall_shim] Binary system call request "futex" (202) at ip:0x1000227554 (arg0=0x10001468a4, arg1=0x80, ...)
[    0.591065] dbg:  [libposix_futex] (int) uk_syscall_do_futex((uint32_t *) 0x10001468a4, (int) 0x80, (uint32_t) 0xffffffffffffffda, (const struct timespec *) 0x0, (uint32_t *) 0x0, (uint32_t) 0x0)
