32    execve("/usr/bin/sqlite3", ["/usr/bin/sqlite3", "sales.db", "--init", "init.sql"], 0x7ffe4822a7b0 /* 9 vars */) = 0
32    arch_prctl(ARCH_SET_FS, 0x7d81b6dc3b08) = 0
32    set_tid_address(0x7d81b6dc3f70)   = 32
32    brk(NULL)                         = 0x626fe2eb6000
32    brk(0x626fe2eb8000)               = 0x626fe2eb8000
32    mmap(0x626fe2eb6000, 4096, PROT_NONE, MAP_PRIVATE|MAP_FIXED|MAP_ANONYMOUS, -1, 0) = 0x626fe2eb6000
32    open("/usr/lib/libz.so.1", O_RDONLY|O_LARGEFILE|O_CLOEXEC) = -1 ENOENT (No such file or directory)
32    open("/etc/ld-musl-x86_64.path", O_RDONLY|O_LARGEFILE|O_CLOEXEC) = -1 ENOENT (No such file or directory)
32    open("/lib/libz.so.1", O_RDONLY|O_LARGEFILE|O_CLOEXEC) = 3
32    fcntl(3, F_SETFD, FD_CLOEXEC)     = 0
32    fstat(3, {st_mode=S_IFREG|0755, st_size=100208, ...}) = 0
32    read(3, "\177ELF\2\1\1\0\0\0\0\0\0\0\0\0\3\0>\0\1\0\0\0\0\0\0\0\0\0\0\0"..., 960) = 960
32    mmap(NULL, 106496, PROT_READ, MAP_PRIVATE, 3, 0) = 0x7d81b6d08000
32    mmap(0x7d81b6d0b000, 57344, PROT_READ|PROT_EXEC, MAP_PRIVATE|MAP_FIXED, 3, 0x3000) = 0x7d81b6d0b000
32    mmap(0x7d81b6d19000, 28672, PROT_READ, MAP_PRIVATE|MAP_FIXED, 3, 0x11000) = 0x7d81b6d19000
32    mmap(0x7d81b6d20000, 8192, PROT_READ|PROT_WRITE, MAP_PRIVATE|MAP_FIXED, 3, 0x17000) = 0x7d81b6d20000
32    close(3)                          = 0
32    mprotect(0x7d81b6d20000, 4096, PROT_READ) = 0
32    mprotect(0x7d81b6dc0000, 4096, PROT_READ) = 0
32    mprotect(0x626fb516c000, 20480, PROT_READ) = 0
32    ioctl(2, TIOCGWINSZ, {ws_row=24, ws_col=80, ws_xpixel=0, ws_ypixel=0}) = 0
32    ioctl(1, TIOCGWINSZ, {ws_row=24, ws_col=80, ws_xpixel=0, ws_ypixel=0}) = 0
32    ioctl(0, TIOCGWINSZ, {ws_row=24, ws_col=80, ws_xpixel=0, ws_ypixel=0}) = 0
32    rt_sigprocmask(SIG_UNBLOCK, [RT_1 RT_2], NULL, 8) = 0
32    rt_sigaction(SIGINT, {sa_handler=0x626fb500dc30, sa_mask=[], sa_flags=SA_RESTORER|SA_RESTART, sa_restorer=0x7d81b6d6fea8}, {sa_handler=SIG_DFL, sa_mask=[], sa_flags=0}, 8) = 0
--- Freezes here ---
32    access("sales.db", F_OK)          = -1 ENOENT (No such file or directory)
32    open("init.sql", O_RDONLY|O_LARGEFILE) = 3
32    mmap(NULL, 4096, PROT_READ|PROT_WRITE, MAP_PRIVATE|MAP_ANONYMOUS, -1, 0) = 0x7d81b6d07000
32    writev(2, [{iov_base="-- Loading resources from init.s"..., iov_len=35}, {iov_base=NULL, iov_len=0}], 2) = 35
32    read(3, ".read build.sql\n.read query.sql\n", 1024) = 32
32    stat("build.sql", {st_mode=S_IFREG|0644, st_size=1957, ...}) = 0
32    open("build.sql", O_RDONLY|O_LARGEFILE) = 4
32    read(4, "-- Drop tables if they exist\nDRO"..., 1024) = 1024
32    open("sales.db", O_RDONLY|O_LARGEFILE) = -1 ENOENT (No such file or directory)
32    getcwd("/", 4096)                 = 2
32    lstat("/sales.db", 0x7ffe1cfbd050) = -1 ENOENT (No such file or directory)
32    getpid()                          = 32
32    getpid()                          = 32
32    open("/sales.db", O_RDWR|O_CREAT|O_LARGEFILE|O_NOFOLLOW|O_CLOEXEC, 0644) = 5
32    fcntl(5, F_SETFD, FD_CLOEXEC)     = 0
32    fstat(5, {st_mode=S_IFREG|0644, st_size=0, ...}) = 0
32    fstat(5, {st_mode=S_IFREG|0644, st_size=0, ...}) = 0
32    stat("/sales.db", {st_mode=S_IFREG|0644, st_size=0, ...}) = 0
32    mmap(NULL, 16384, PROT_READ|PROT_WRITE, MAP_PRIVATE|MAP_ANONYMOUS, -1, 0) = 0x7d81b6d03000
32    mmap(NULL, 8192, PROT_READ|PROT_WRITE, MAP_PRIVATE|MAP_ANONYMOUS, -1, 0) = 0x7d81b6d01000
32    pread64(5, "", 100, 0)            = 0
32    mmap(NULL, 4096, PROT_READ|PROT_WRITE, MAP_PRIVATE|MAP_ANONYMOUS, -1, 0) = 0x7d81b6d00000
32    mmap(NULL, 4096, PROT_READ|PROT_WRITE, MAP_PRIVATE|MAP_ANONYMOUS, -1, 0) = 0x7d81b6cff000
32    mmap(NULL, 49152, PROT_READ|PROT_WRITE, MAP_PRIVATE|MAP_ANONYMOUS, -1, 0) = 0x7d81b6cf3000
32    fcntl(5, F_SETLK, {l_type=F_RDLCK, l_whence=SEEK_SET, l_start=1073741824, l_len=1}) = 0
32    fcntl(5, F_SETLK, {l_type=F_RDLCK, l_whence=SEEK_SET, l_start=1073741826, l_len=510}) = 0
32    fcntl(5, F_SETLK, {l_type=F_UNLCK, l_whence=SEEK_SET, l_start=1073741824, l_len=1}) = 0
32    stat("/sales.db-journal", 0x7ffe1cfbe190) = -1 ENOENT (No such file or directory)
32    stat("/sales.db-wal", 0x7ffe1cfbe190) = -1 ENOENT (No such file or directory)
32    fstat(5, {st_mode=S_IFREG|0644, st_size=0, ...}) = 0
32    mmap(NULL, 90112, PROT_READ|PROT_WRITE, MAP_PRIVATE|MAP_ANONYMOUS, -1, 0) = 0x7d81b6cdd000
32    fcntl(5, F_SETLK, {l_type=F_UNLCK, l_whence=SEEK_SET, l_start=0, l_len=0}) = 0
32    fcntl(5, F_SETLK, {l_type=F_RDLCK, l_whence=SEEK_SET, l_start=1073741824, l_len=1}) = 0
32    fcntl(5, F_SETLK, {l_type=F_RDLCK, l_whence=SEEK_SET, l_start=1073741826, l_len=510}) = 0
32    fcntl(5, F_SETLK, {l_type=F_UNLCK, l_whence=SEEK_SET, l_start=1073741824, l_len=1}) = 0
32    stat("/sales.db-journal", 0x7ffe1cfbed20) = -1 ENOENT (No such file or directory)
32    pread64(5, "", 16, 24)            = 0
32    stat("/sales.db-wal", 0x7ffe1cfbed20) = -1 ENOENT (No such file or directory)
32    fstat(5, {st_mode=S_IFREG|0644, st_size=0, ...}) = 0
32    fcntl(5, F_SETLK, {l_type=F_UNLCK, l_whence=SEEK_SET, l_start=0, l_len=0}) = 0
32    fcntl(5, F_SETLK, {l_type=F_RDLCK, l_whence=SEEK_SET, l_start=1073741824, l_len=1}) = 0
32    fcntl(5, F_SETLK, {l_type=F_RDLCK, l_whence=SEEK_SET, l_start=1073741826, l_len=510}) = 0
32    fcntl(5, F_SETLK, {l_type=F_UNLCK, l_whence=SEEK_SET, l_start=1073741824, l_len=1}) = 0
32    stat("/sales.db-journal", 0x7ffe1cfbed20) = -1 ENOENT (No such file or directory)
32    pread64(5, "", 16, 24)            = 0
32    stat("/sales.db-wal", 0x7ffe1cfbed20) = -1 ENOENT (No such file or directory)
32    fstat(5, {st_mode=S_IFREG|0644, st_size=0, ...}) = 0
32    fcntl(5, F_SETLK, {l_type=F_UNLCK, l_whence=SEEK_SET, l_start=0, l_len=0}) = 0
32    fcntl(5, F_SETLK, {l_type=F_RDLCK, l_whence=SEEK_SET, l_start=1073741824, l_len=1}) = 0
32    fcntl(5, F_SETLK, {l_type=F_RDLCK, l_whence=SEEK_SET, l_start=1073741826, l_len=510}) = 0
32    fcntl(5, F_SETLK, {l_type=F_UNLCK, l_whence=SEEK_SET, l_start=1073741824, l_len=1}) = 0
32    stat("/sales.db-journal", 0x7ffe1cfbed20) = -1 ENOENT (No such file or directory)
32    pread64(5, "", 16, 24)            = 0
32    stat("/sales.db-wal", 0x7ffe1cfbed20) = -1 ENOENT (No such file or directory)
32    fstat(5, {st_mode=S_IFREG|0644, st_size=0, ...}) = 0
32    fcntl(5, F_SETLK, {l_type=F_UNLCK, l_whence=SEEK_SET, l_start=0, l_len=0}) = 0
32    fcntl(5, F_SETLK, {l_type=F_RDLCK, l_whence=SEEK_SET, l_start=1073741824, l_len=1}) = 0
32    fcntl(5, F_SETLK, {l_type=F_RDLCK, l_whence=SEEK_SET, l_start=1073741826, l_len=510}) = 0
32    fcntl(5, F_SETLK, {l_type=F_UNLCK, l_whence=SEEK_SET, l_start=1073741824, l_len=1}) = 0
32    stat("/sales.db-journal", 0x7ffe1cfbed20) = -1 ENOENT (No such file or directory)
32    pread64(5, "", 16, 24)            = 0
32    stat("/sales.db-wal", 0x7ffe1cfbed20) = -1 ENOENT (No such file or directory)
32    fstat(5, {st_mode=S_IFREG|0644, st_size=0, ...}) = 0
32    fcntl(5, F_SETLK, {l_type=F_UNLCK, l_whence=SEEK_SET, l_start=0, l_len=0}) = 0
32    mmap(NULL, 4096, PROT_READ|PROT_WRITE, MAP_PRIVATE|MAP_ANONYMOUS, -1, 0) = 0x7d81b6cdc000
32    mmap(NULL, 4096, PROT_READ|PROT_WRITE, MAP_PRIVATE|MAP_ANONYMOUS, -1, 0) = 0x7d81b6cdb000
32    mmap(NULL, 4096, PROT_READ|PROT_WRITE, MAP_PRIVATE|MAP_ANONYMOUS, -1, 0) = 0x7d81b6cda000
32    munmap(0x7d81b6cda000, 4096)      = 0
32    mmap(NULL, 4096, PROT_READ|PROT_WRITE, MAP_PRIVATE|MAP_ANONYMOUS, -1, 0) = 0x7d81b6cda000
32    fcntl(5, F_SETLK, {l_type=F_RDLCK, l_whence=SEEK_SET, l_start=1073741824, l_len=1}) = 0
32    fcntl(5, F_SETLK, {l_type=F_RDLCK, l_whence=SEEK_SET, l_start=1073741826, l_len=510}) = 0
32    fcntl(5, F_SETLK, {l_type=F_UNLCK, l_whence=SEEK_SET, l_start=1073741824, l_len=1}) = 0
32    stat("/sales.db-journal", 0x7ffe1cfbed20) = -1 ENOENT (No such file or directory)
32    pread64(5, "", 16, 24)            = 0
32    stat("/sales.db-wal", 0x7ffe1cfbed20) = -1 ENOENT (No such file or directory)
32    fstat(5, {st_mode=S_IFREG|0644, st_size=0, ...}) = 0
32    fcntl(5, F_SETLK, {l_type=F_WRLCK, l_whence=SEEK_SET, l_start=1073741825, l_len=1}) = 0
32    mmap(NULL, 4096, PROT_READ|PROT_WRITE, MAP_PRIVATE|MAP_ANONYMOUS, -1, 0) = 0x7d81b6cd9000
32    getpid()                          = 32
32    stat("/sales.db", {st_mode=S_IFREG|0644, st_size=0, ...}) = 0
32    open("/sales.db-journal", O_RDWR|O_CREAT|O_LARGEFILE|O_NOFOLLOW|O_CLOEXEC, 0644) = 6
32    fcntl(6, F_SETFD, FD_CLOEXEC)     = 0
32    fstat(6, {st_mode=S_IFREG|0644, st_size=0, ...}) = 0
32    geteuid()                         = 0
32    fchown(6, 0, 0)                   = 0
32    getpid()                          = 32
32    open("/dev/urandom", O_RDONLY|O_LARGEFILE|O_CLOEXEC) = 7
32    fcntl(7, F_SETFD, FD_CLOEXEC)     = 0
32    read(7, "\t7,\263\234\364~\207\353\302dS\261\34\26\26,qid\207\337ex\251\344\335)\341'\316\363"..., 44) = 44
32    close(7)                          = 0
32    pwrite64(6, "\0\0\0\0\0\0\0\0\0\0\0\0\251{Z}\0\0\0\0\0\0\2\0\0\0\20\0\0\0\0\0"..., 512, 0) = 512
32    fcntl(5, F_SETLK, {l_type=F_WRLCK, l_whence=SEEK_SET, l_start=1073741824, l_len=1}) = 0
32    fcntl(5, F_SETLK, {l_type=F_WRLCK, l_whence=SEEK_SET, l_start=1073741826, l_len=510}) = 0
32    pread64(6, "", 8, 512)            = 0
32    fdatasync(6)                      = 0
32    open("/", O_RDONLY|O_LARGEFILE|O_CLOEXEC) = 7
32    fcntl(7, F_SETFD, FD_CLOEXEC)     = 0
32    fdatasync(7)                      = 0
32    close(7)                          = 0
32    pwrite64(6, "\331\325\5\371 \241c\327\0\0\0\0", 12, 0) = 12
32    fdatasync(6)                      = 0
32    pwrite64(5, "SQLite format 3\0\20\0\1\1\0@  \0\0\0\1\0\0\0\2"..., 4096, 0) = 4096
32    pwrite64(5, "\r\0\0\0\0\20\0\0\0\0\0\0\0\0\0\0\0\0\0\0\0\0\0\0\0\0\0\0\0\0\0\0"..., 4096, 4096) = 4096
32    fdatasync(5)                      = 0
32    close(6)                          = 0
32    unlink("/sales.db-journal")       = 0
32    munmap(0x7d81b6cd9000, 4096)      = 0
32    fcntl(5, F_SETLK, {l_type=F_RDLCK, l_whence=SEEK_SET, l_start=1073741826, l_len=510}) = 0
32    fcntl(5, F_SETLK, {l_type=F_UNLCK, l_whence=SEEK_SET, l_start=1073741824, l_len=2}) = 0
32    fcntl(5, F_SETLK, {l_type=F_UNLCK, l_whence=SEEK_SET, l_start=0, l_len=0}) = 0
32    munmap(0x7d81b6cda000, 4096)      = 0
32    munmap(0x7d81b6cdb000, 4096)      = 0
32    mmap(NULL, 4096, PROT_READ|PROT_WRITE, MAP_PRIVATE|MAP_ANONYMOUS, -1, 0) = 0x7d81b6cdb000
32    mmap(NULL, 4096, PROT_READ|PROT_WRITE, MAP_PRIVATE|MAP_ANONYMOUS, -1, 0) = 0x7d81b6cda000
32    munmap(0x7d81b6cda000, 4096)      = 0
32    fcntl(5, F_SETLK, {l_type=F_RDLCK, l_whence=SEEK_SET, l_start=1073741824, l_len=1}) = 0
32    fcntl(5, F_SETLK, {l_type=F_RDLCK, l_whence=SEEK_SET, l_start=1073741826, l_len=510}) = 0
32    fcntl(5, F_SETLK, {l_type=F_UNLCK, l_whence=SEEK_SET, l_start=1073741824, l_len=1}) = 0
32    stat("/sales.db-journal", 0x7ffe1cfbed20) = -1 ENOENT (No such file or directory)
32    pread64(5, "\0\0\0\1\0\0\0\2\0\0\0\0\0\0\0\0", 16, 24) = 16
32    stat("/sales.db-wal", 0x7ffe1cfbed20) = -1 ENOENT (No such file or directory)
32    fstat(5, {st_mode=S_IFREG|0644, st_size=8192, ...}) = 0
32    fcntl(5, F_SETLK, {l_type=F_WRLCK, l_whence=SEEK_SET, l_start=1073741825, l_len=1}) = 0
32    mmap(NULL, 4096, PROT_READ|PROT_WRITE, MAP_PRIVATE|MAP_ANONYMOUS, -1, 0) = 0x7d81b6cda000
32    stat("/sales.db", {st_mode=S_IFREG|0644, st_size=8192, ...}) = 0
32    getpid()                          = 32
32    stat("/sales.db", {st_mode=S_IFREG|0644, st_size=8192, ...}) = 0
32    open("/sales.db-journal", O_RDWR|O_CREAT|O_LARGEFILE|O_NOFOLLOW|O_CLOEXEC, 0644) = 6
32    fcntl(6, F_SETFD, FD_CLOEXEC)     = 0
32    fstat(6, {st_mode=S_IFREG|0644, st_size=0, ...}) = 0
32    geteuid()                         = 0
32    fchown(6, 0, 0)                   = 0
32    pwrite64(6, "\0\0\0\0\0\0\0\0\0\0\0\0v\341\220\216\0\0\0\2\0\0\2\0\0\0\20\0\0\0\0\0"..., 512, 0) = 512
32    pwrite64(6, "\0\0\0\1", 4, 512)   = 4
32    pwrite64(6, "SQLite format 3\0\20\0\1\1\0@  \0\0\0\1\0\0\0\2"..., 4096, 516) = 4096
32    pwrite64(6, "v\341\220\216", 4, 4612) = 4
32    fcntl(5, F_SETLK, {l_type=F_WRLCK, l_whence=SEEK_SET, l_start=1073741824, l_len=1}) = 0
32    fcntl(5, F_SETLK, {l_type=F_WRLCK, l_whence=SEEK_SET, l_start=1073741826, l_len=510}) = 0
32    pread64(6, "", 8, 5120)           = 0
32    fdatasync(6)                      = 0
32    open("/", O_RDONLY|O_LARGEFILE|O_CLOEXEC) = 7
32    fcntl(7, F_SETFD, FD_CLOEXEC)     = 0
32    fdatasync(7)                      = 0
32    close(7)                          = 0
32    pwrite64(6, "\331\325\5\371 \241c\327\0\0\0\1", 12, 0) = 12
32    fdatasync(6)                      = 0
32    pwrite64(5, "SQLite format 3\0\20\0\1\1\0@  \0\0\0\2\0\0\0\3"..., 4096, 0) = 4096
32    pwrite64(5, "\r\0\0\0\0\20\0\0\0\0\0\0\0\0\0\0\0\0\0\0\0\0\0\0\0\0\0\0\0\0\0\0"..., 4096, 8192) = 4096
32    fdatasync(5)                      = 0
32    close(6)                          = 0
32    unlink("/sales.db-journal")       = 0
32    munmap(0x7d81b6cda000, 4096)      = 0
32    fcntl(5, F_SETLK, {l_type=F_RDLCK, l_whence=SEEK_SET, l_start=1073741826, l_len=510}) = 0
32    fcntl(5, F_SETLK, {l_type=F_UNLCK, l_whence=SEEK_SET, l_start=1073741824, l_len=2}) = 0
32    fcntl(5, F_SETLK, {l_type=F_UNLCK, l_whence=SEEK_SET, l_start=0, l_len=0}) = 0
32    munmap(0x7d81b6cdb000, 4096)      = 0
32    mmap(NULL, 4096, PROT_READ|PROT_WRITE, MAP_PRIVATE|MAP_ANONYMOUS, -1, 0) = 0x7d81b6cdb000
32    mmap(NULL, 4096, PROT_READ|PROT_WRITE, MAP_PRIVATE|MAP_ANONYMOUS, -1, 0) = 0x7d81b6cda000
32    fcntl(5, F_SETLK, {l_type=F_RDLCK, l_whence=SEEK_SET, l_start=1073741824, l_len=1}) = 0
32    fcntl(5, F_SETLK, {l_type=F_RDLCK, l_whence=SEEK_SET, l_start=1073741826, l_len=510}) = 0
32    fcntl(5, F_SETLK, {l_type=F_UNLCK, l_whence=SEEK_SET, l_start=1073741824, l_len=1}) = 0
32    stat("/sales.db-journal", 0x7ffe1cfbed20) = -1 ENOENT (No such file or directory)
32    pread64(5, "\0\0\0\2\0\0\0\3\0\0\0\0\0\0\0\0", 16, 24) = 16
32    stat("/sales.db-wal", 0x7ffe1cfbed20) = -1 ENOENT (No such file or directory)
32    fstat(5, {st_mode=S_IFREG|0644, st_size=12288, ...}) = 0
32    fcntl(5, F_SETLK, {l_type=F_WRLCK, l_whence=SEEK_SET, l_start=1073741825, l_len=1}) = 0
32    stat("/sales.db", {st_mode=S_IFREG|0644, st_size=12288, ...}) = 0
32    getpid()                          = 32
32    stat("/sales.db", {st_mode=S_IFREG|0644, st_size=12288, ...}) = 0
32    open("/sales.db-journal", O_RDWR|O_CREAT|O_LARGEFILE|O_NOFOLLOW|O_CLOEXEC, 0644) = 6
32    fcntl(6, F_SETFD, FD_CLOEXEC)     = 0
32    fstat(6, {st_mode=S_IFREG|0644, st_size=0, ...}) = 0
32    geteuid()                         = 0
32    fchown(6, 0, 0)                   = 0
32    pwrite64(6, "\0\0\0\0\0\0\0\0\0\0\0\0\10\236\376\352\0\0\0\3\0\0\2\0\0\0\20\0\0\0\0\0"..., 512, 0) = 512
32    pwrite64(6, "\0\0\0\1", 4, 512)   = 4
32    pwrite64(6, "SQLite format 3\0\20\0\1\1\0@  \0\0\0\2\0\0\0\3"..., 4096, 516) = 4096
32    pwrite64(6, "\10\236\377C", 4, 4612) = 4
32    fcntl(5, F_SETLK, {l_type=F_WRLCK, l_whence=SEEK_SET, l_start=1073741824, l_len=1}) = 0
32    fcntl(5, F_SETLK, {l_type=F_WRLCK, l_whence=SEEK_SET, l_start=1073741826, l_len=510}) = 0
32    pread64(6, "", 8, 5120)           = 0
32    fdatasync(6)                      = 0
32    open("/", O_RDONLY|O_LARGEFILE|O_CLOEXEC) = 7
32    fcntl(7, F_SETFD, FD_CLOEXEC)     = 0
32    fdatasync(7)                      = 0
32    close(7)                          = 0
32    pwrite64(6, "\331\325\5\371 \241c\327\0\0\0\1", 12, 0) = 12
32    fdatasync(6)                      = 0
32    pwrite64(5, "SQLite format 3\0\20\0\1\1\0@  \0\0\0\3\0\0\0\4"..., 4096, 0) = 4096
32    pwrite64(5, "\r\0\0\0\0\20\0\0\0\0\0\0\0\0\0\0\0\0\0\0\0\0\0\0\0\0\0\0\0\0\0\0"..., 4096, 12288) = 4096
32    fdatasync(5)                      = 0
32    close(6)                          = 0
32    unlink("/sales.db-journal")       = 0
32    fcntl(5, F_SETLK, {l_type=F_RDLCK, l_whence=SEEK_SET, l_start=1073741826, l_len=510}) = 0
32    fcntl(5, F_SETLK, {l_type=F_UNLCK, l_whence=SEEK_SET, l_start=1073741824, l_len=2}) = 0
32    fcntl(5, F_SETLK, {l_type=F_UNLCK, l_whence=SEEK_SET, l_start=0, l_len=0}) = 0
32    munmap(0x7d81b6cdb000, 4096)      = 0
32    mmap(NULL, 4096, PROT_READ|PROT_WRITE, MAP_PRIVATE|MAP_ANONYMOUS, -1, 0) = 0x7d81b6cdb000
32    fcntl(5, F_SETLK, {l_type=F_RDLCK, l_whence=SEEK_SET, l_start=1073741824, l_len=1}) = 0
32    fcntl(5, F_SETLK, {l_type=F_RDLCK, l_whence=SEEK_SET, l_start=1073741826, l_len=510}) = 0
32    fcntl(5, F_SETLK, {l_type=F_UNLCK, l_whence=SEEK_SET, l_start=1073741824, l_len=1}) = 0
32    stat("/sales.db-journal", 0x7ffe1cfbed20) = -1 ENOENT (No such file or directory)
32    pread64(5, "\0\0\0\3\0\0\0\4\0\0\0\0\0\0\0\0", 16, 24) = 16
32    stat("/sales.db-wal", 0x7ffe1cfbed20) = -1 ENOENT (No such file or directory)
32    fstat(5, {st_mode=S_IFREG|0644, st_size=16384, ...}) = 0
32    fcntl(5, F_SETLK, {l_type=F_WRLCK, l_whence=SEEK_SET, l_start=1073741825, l_len=1}) = 0
32    stat("/sales.db", {st_mode=S_IFREG|0644, st_size=16384, ...}) = 0
32    getpid()                          = 32
32    stat("/sales.db", {st_mode=S_IFREG|0644, st_size=16384, ...}) = 0
32    open("/sales.db-journal", O_RDWR|O_CREAT|O_LARGEFILE|O_NOFOLLOW|O_CLOEXEC, 0644) = 6
32    fcntl(6, F_SETFD, FD_CLOEXEC)     = 0
32    fstat(6, {st_mode=S_IFREG|0644, st_size=0, ...}) = 0
32    geteuid()                         = 0
32    fchown(6, 0, 0)                   = 0
32    pwrite64(6, "\0\0\0\0\0\0\0\0\0\0\0\0000\206\311\373\0\0\0\4\0\0\2\0\0\0\20\0\0\0\0\0"..., 512, 0) = 512
32    pwrite64(6, "\0\0\0\1", 4, 512)   = 4
32    pwrite64(6, "SQLite format 3\0\20\0\1\1\0@  \0\0\0\3\0\0\0\4"..., 4096, 516) = 4096
32    pwrite64(6, "0\206\312\231", 4, 4612) = 4
32    fcntl(5, F_SETLK, {l_type=F_WRLCK, l_whence=SEEK_SET, l_start=1073741824, l_len=1}) = 0
32    fcntl(5, F_SETLK, {l_type=F_WRLCK, l_whence=SEEK_SET, l_start=1073741826, l_len=510}) = 0
32    pread64(6, "", 8, 5120)           = 0
32    fdatasync(6)                      = 0
32    open("/", O_RDONLY|O_LARGEFILE|O_CLOEXEC) = 7
32    fcntl(7, F_SETFD, FD_CLOEXEC)     = 0
32    fdatasync(7)                      = 0
32    close(7)                          = 0
32    pwrite64(6, "\331\325\5\371 \241c\327\0\0\0\1", 12, 0) = 12
32    fdatasync(6)                      = 0
32    pwrite64(5, "SQLite format 3\0\20\0\1\1\0@  \0\0\0\4\0\0\0\5"..., 4096, 0) = 4096
32    pwrite64(5, "\r\0\0\0\0\20\0\0\0\0\0\0\0\0\0\0\0\0\0\0\0\0\0\0\0\0\0\0\0\0\0\0"..., 4096, 16384) = 4096
32    fdatasync(5)                      = 0
32    close(6)                          = 0
32    unlink("/sales.db-journal")       = 0
32    fcntl(5, F_SETLK, {l_type=F_RDLCK, l_whence=SEEK_SET, l_start=1073741826, l_len=510}) = 0
32    fcntl(5, F_SETLK, {l_type=F_UNLCK, l_whence=SEEK_SET, l_start=1073741824, l_len=2}) = 0
32    fcntl(5, F_SETLK, {l_type=F_UNLCK, l_whence=SEEK_SET, l_start=0, l_len=0}) = 0
32    munmap(0x7d81b6cdb000, 4096)      = 0
32    read(4, "erID, Name, Email) VALUES (1, 'A"..., 1024) = 933
32    fcntl(5, F_SETLK, {l_type=F_RDLCK, l_whence=SEEK_SET, l_start=1073741824, l_len=1}) = 0
32    fcntl(5, F_SETLK, {l_type=F_RDLCK, l_whence=SEEK_SET, l_start=1073741826, l_len=510}) = 0
32    fcntl(5, F_SETLK, {l_type=F_UNLCK, l_whence=SEEK_SET, l_start=1073741824, l_len=1}) = 0
32    stat("/sales.db-journal", 0x7ffe1cfbed20) = -1 ENOENT (No such file or directory)
32    pread64(5, "\0\0\0\4\0\0\0\5\0\0\0\0\0\0\0\0", 16, 24) = 16
32    stat("/sales.db-wal", 0x7ffe1cfbed20) = -1 ENOENT (No such file or directory)
32    fstat(5, {st_mode=S_IFREG|0644, st_size=20480, ...}) = 0
32    fcntl(5, F_SETLK, {l_type=F_WRLCK, l_whence=SEEK_SET, l_start=1073741825, l_len=1}) = 0
32    stat("/sales.db", {st_mode=S_IFREG|0644, st_size=20480, ...}) = 0
32    getpid()                          = 32
32    stat("/sales.db", {st_mode=S_IFREG|0644, st_size=20480, ...}) = 0
32    open("/sales.db-journal", O_RDWR|O_CREAT|O_LARGEFILE|O_NOFOLLOW|O_CLOEXEC, 0644) = 6
32    fcntl(6, F_SETFD, FD_CLOEXEC)     = 0
32    fstat(6, {st_mode=S_IFREG|0644, st_size=0, ...}) = 0
32    geteuid()                         = 0
32    fchown(6, 0, 0)                   = 0
32    pwrite64(6, "\0\0\0\0\0\0\0\0\0\0\0\0\366\311\361C\0\0\0\5\0\0\2\0\0\0\20\0\0\0\0\0"..., 512, 0) = 512
32    pwrite64(6, "\0\0\0\2", 4, 512)   = 4
32    pwrite64(6, "\r\0\0\0\0\20\0\0\0\0\0\0\0\0\0\0\0\0\0\0\0\0\0\0\0\0\0\0\0\0\0\0"..., 4096, 516) = 4096
32    pwrite64(6, "\366\311\361C", 4, 4612) = 4
32    fcntl(5, F_SETLK, {l_type=F_WRLCK, l_whence=SEEK_SET, l_start=1073741824, l_len=1}) = 0
32    fcntl(5, F_SETLK, {l_type=F_WRLCK, l_whence=SEEK_SET, l_start=1073741826, l_len=510}) = 0
32    pwrite64(6, "\0\0\0\1", 4, 4616)  = 4
32    pwrite64(6, "SQLite format 3\0\20\0\1\1\0@  \0\0\0\4\0\0\0\5"..., 4096, 4620) = 4096
32    pwrite64(6, "\366\311\362\212", 4, 8716) = 4
32    pread64(6, "", 8, 9216)           = 0
32    fdatasync(6)                      = 0
32    open("/", O_RDONLY|O_LARGEFILE|O_CLOEXEC) = 7
32    fcntl(7, F_SETFD, FD_CLOEXEC)     = 0
32    fdatasync(7)                      = 0
32    close(7)                          = 0
32    pwrite64(6, "\331\325\5\371 \241c\327\0\0\0\2", 12, 0) = 12
32    fdatasync(6)                      = 0
32    pwrite64(5, "SQLite format 3\0\20\0\1\1\0@  \0\0\0\5\0\0\0\5"..., 4096, 0) = 4096
32    pwrite64(5, "\r\0\0\0\1\17\336\0\17\336\0\0\0\0\0\0\0\0\0\0\0\0\0\0\0\0\0\0\0\0\0\0"..., 4096, 4096) = 4096
32    fdatasync(5)                      = 0
32    close(6)                          = 0
32    unlink("/sales.db-journal")       = 0
32    fcntl(5, F_SETLK, {l_type=F_RDLCK, l_whence=SEEK_SET, l_start=1073741826, l_len=510}) = 0
32    fcntl(5, F_SETLK, {l_type=F_UNLCK, l_whence=SEEK_SET, l_start=1073741824, l_len=2}) = 0
32    fcntl(5, F_SETLK, {l_type=F_UNLCK, l_whence=SEEK_SET, l_start=0, l_len=0}) = 0
32    fcntl(5, F_SETLK, {l_type=F_RDLCK, l_whence=SEEK_SET, l_start=1073741824, l_len=1}) = 0
32    fcntl(5, F_SETLK, {l_type=F_RDLCK, l_whence=SEEK_SET, l_start=1073741826, l_len=510}) = 0
32    fcntl(5, F_SETLK, {l_type=F_UNLCK, l_whence=SEEK_SET, l_start=1073741824, l_len=1}) = 0
32    stat("/sales.db-journal", 0x7ffe1cfbed20) = -1 ENOENT (No such file or directory)
32    pread64(5, "\0\0\0\5\0\0\0\5\0\0\0\0\0\0\0\0", 16, 24) = 16
32    stat("/sales.db-wal", 0x7ffe1cfbed20) = -1 ENOENT (No such file or directory)
32    fstat(5, {st_mode=S_IFREG|0644, st_size=20480, ...}) = 0
32    fcntl(5, F_SETLK, {l_type=F_WRLCK, l_whence=SEEK_SET, l_start=1073741825, l_len=1}) = 0
32    stat("/sales.db", {st_mode=S_IFREG|0644, st_size=20480, ...}) = 0
32    getpid()                          = 32
32    stat("/sales.db", {st_mode=S_IFREG|0644, st_size=20480, ...}) = 0
32    open("/sales.db-journal", O_RDWR|O_CREAT|O_LARGEFILE|O_NOFOLLOW|O_CLOEXEC, 0644) = 6
32    fcntl(6, F_SETFD, FD_CLOEXEC)     = 0
32    fstat(6, {st_mode=S_IFREG|0644, st_size=0, ...}) = 0
32    geteuid()                         = 0
32    fchown(6, 0, 0)                   = 0
32    pwrite64(6, "\0\0\0\0\0\0\0\0\0\0\0\0\305\0016h\0\0\0\5\0\0\2\0\0\0\20\0\0\0\0\0"..., 512, 0) = 512
32    pwrite64(6, "\0\0\0\2", 4, 512)   = 4
32    pwrite64(6, "\r\0\0\0\1\17\336\0\17\336\0\0\0\0\0\0\0\0\0\0\0\0\0\0\0\0\0\0\0\0\0\0"..., 4096, 516) = 4096
32    pwrite64(6, "\305\0016h", 4, 4612) = 4
32    fcntl(5, F_SETLK, {l_type=F_WRLCK, l_whence=SEEK_SET, l_start=1073741824, l_len=1}) = 0
32    fcntl(5, F_SETLK, {l_type=F_WRLCK, l_whence=SEEK_SET, l_start=1073741826, l_len=510}) = 0
32    pwrite64(6, "\0\0\0\1", 4, 4616)  = 4
32    pwrite64(6, "SQLite format 3\0\20\0\1\1\0@  \0\0\0\5\0\0\0\5"..., 4096, 4620) = 4096
32    pwrite64(6, "\305\0017\257", 4, 8716) = 4
32    pread64(6, "", 8, 9216)           = 0
32    fdatasync(6)                      = 0
32    open("/", O_RDONLY|O_LARGEFILE|O_CLOEXEC) = 7
32    fcntl(7, F_SETFD, FD_CLOEXEC)     = 0
32    fdatasync(7)                      = 0
32    close(7)                          = 0
32    pwrite64(6, "\331\325\5\371 \241c\327\0\0\0\2", 12, 0) = 12
32    fdatasync(6)                      = 0
32    pwrite64(5, "SQLite format 3\0\20\0\1\1\0@  \0\0\0\6\0\0\0\5"..., 4096, 0) = 4096
32    pwrite64(5, "\r\0\0\0\2\17\276\0\17\336\17\276\0\0\0\0\0\0\0\0\0\0\0\0\0\0\0\0\0\0\0\0"..., 4096, 4096) = 4096
32    fdatasync(5)                      = 0
32    close(6)                          = 0
32    unlink("/sales.db-journal")       = 0
32    fcntl(5, F_SETLK, {l_type=F_RDLCK, l_whence=SEEK_SET, l_start=1073741826, l_len=510}) = 0
32    fcntl(5, F_SETLK, {l_type=F_UNLCK, l_whence=SEEK_SET, l_start=1073741824, l_len=2}) = 0
32    fcntl(5, F_SETLK, {l_type=F_UNLCK, l_whence=SEEK_SET, l_start=0, l_len=0}) = 0
32    fcntl(5, F_SETLK, {l_type=F_RDLCK, l_whence=SEEK_SET, l_start=1073741824, l_len=1}) = 0
32    fcntl(5, F_SETLK, {l_type=F_RDLCK, l_whence=SEEK_SET, l_start=1073741826, l_len=510}) = 0
32    fcntl(5, F_SETLK, {l_type=F_UNLCK, l_whence=SEEK_SET, l_start=1073741824, l_len=1}) = 0
32    stat("/sales.db-journal", 0x7ffe1cfbed20) = -1 ENOENT (No such file or directory)
32    pread64(5, "\0\0\0\6\0\0\0\5\0\0\0\0\0\0\0\0", 16, 24) = 16
32    stat("/sales.db-wal", 0x7ffe1cfbed20) = -1 ENOENT (No such file or directory)
32    fstat(5, {st_mode=S_IFREG|0644, st_size=20480, ...}) = 0
32    fcntl(5, F_SETLK, {l_type=F_WRLCK, l_whence=SEEK_SET, l_start=1073741825, l_len=1}) = 0
32    stat("/sales.db", {st_mode=S_IFREG|0644, st_size=20480, ...}) = 0
32    getpid()                          = 32
32    stat("/sales.db", {st_mode=S_IFREG|0644, st_size=20480, ...}) = 0
32    open("/sales.db-journal", O_RDWR|O_CREAT|O_LARGEFILE|O_NOFOLLOW|O_CLOEXEC, 0644) = 6
32    fcntl(6, F_SETFD, FD_CLOEXEC)     = 0
32    fstat(6, {st_mode=S_IFREG|0644, st_size=0, ...}) = 0
32    geteuid()                         = 0
32    fchown(6, 0, 0)                   = 0
32    pwrite64(6, "\0\0\0\0\0\0\0\0\0\0\0\0!oJ\"\0\0\0\5\0\0\2\0\0\0\20\0\0\0\0\0"..., 512, 0) = 512
32    pwrite64(6, "\0\0\0\3", 4, 512)   = 4
32    pwrite64(6, "\r\0\0\0\0\20\0\0\0\0\0\0\0\0\0\0\0\0\0\0\0\0\0\0\0\0\0\0\0\0\0\0"..., 4096, 516) = 4096
32    pwrite64(6, "!oJ\"", 4, 4612)     = 4
32    fcntl(5, F_SETLK, {l_type=F_WRLCK, l_whence=SEEK_SET, l_start=1073741824, l_len=1}) = 0
32    fcntl(5, F_SETLK, {l_type=F_WRLCK, l_whence=SEEK_SET, l_start=1073741826, l_len=510}) = 0
32    pwrite64(6, "\0\0\0\1", 4, 4616)  = 4
32    pwrite64(6, "SQLite format 3\0\20\0\1\1\0@  \0\0\0\6\0\0\0\5"..., 4096, 4620) = 4096
32    pwrite64(6, "!oKi", 4, 8716)      = 4
32    pread64(6, "", 8, 9216)           = 0
32    fdatasync(6)                      = 0
32    open("/", O_RDONLY|O_LARGEFILE|O_CLOEXEC) = 7
32    fcntl(7, F_SETFD, FD_CLOEXEC)     = 0
32    fdatasync(7)                      = 0
32    close(7)                          = 0
32    pwrite64(6, "\331\325\5\371 \241c\327\0\0\0\2", 12, 0) = 12
32    fdatasync(6)                      = 0
32    pwrite64(5, "SQLite format 3\0\20\0\1\1\0@  \0\0\0\7\0\0\0\5"..., 4096, 0) = 4096
32    pwrite64(5, "\r\0\0\0\1\17\354\0\17\354\0\0\0\0\0\0\0\0\0\0\0\0\0\0\0\0\0\0\0\0\0\0"..., 4096, 8192) = 4096
32    fdatasync(5)                      = 0
32    close(6)                          = 0
32    unlink("/sales.db-journal")       = 0
32    fcntl(5, F_SETLK, {l_type=F_RDLCK, l_whence=SEEK_SET, l_start=1073741826, l_len=510}) = 0
32    fcntl(5, F_SETLK, {l_type=F_UNLCK, l_whence=SEEK_SET, l_start=1073741824, l_len=2}) = 0
32    fcntl(5, F_SETLK, {l_type=F_UNLCK, l_whence=SEEK_SET, l_start=0, l_len=0}) = 0
32    fcntl(5, F_SETLK, {l_type=F_RDLCK, l_whence=SEEK_SET, l_start=1073741824, l_len=1}) = 0
32    fcntl(5, F_SETLK, {l_type=F_RDLCK, l_whence=SEEK_SET, l_start=1073741826, l_len=510}) = 0
32    fcntl(5, F_SETLK, {l_type=F_UNLCK, l_whence=SEEK_SET, l_start=1073741824, l_len=1}) = 0
32    stat("/sales.db-journal", 0x7ffe1cfbed20) = -1 ENOENT (No such file or directory)
32    pread64(5, "\0\0\0\7\0\0\0\5\0\0\0\0\0\0\0\0", 16, 24) = 16
32    stat("/sales.db-wal", 0x7ffe1cfbed20) = -1 ENOENT (No such file or directory)
32    fstat(5, {st_mode=S_IFREG|0644, st_size=20480, ...}) = 0
32    fcntl(5, F_SETLK, {l_type=F_WRLCK, l_whence=SEEK_SET, l_start=1073741825, l_len=1}) = 0
32    stat("/sales.db", {st_mode=S_IFREG|0644, st_size=20480, ...}) = 0
32    getpid()                          = 32
32    stat("/sales.db", {st_mode=S_IFREG|0644, st_size=20480, ...}) = 0
32    open("/sales.db-journal", O_RDWR|O_CREAT|O_LARGEFILE|O_NOFOLLOW|O_CLOEXEC, 0644) = 6
32    fcntl(6, F_SETFD, FD_CLOEXEC)     = 0
32    fstat(6, {st_mode=S_IFREG|0644, st_size=0, ...}) = 0
32    geteuid()                         = 0
32    fchown(6, 0, 0)                   = 0
32    pwrite64(6, "\0\0\0\0\0\0\0\0\0\0\0\0\36'<\300\0\0\0\5\0\0\2\0\0\0\20\0\0\0\0\0"..., 512, 0) = 512
32    pwrite64(6, "\0\0\0\3", 4, 512)   = 4
32    pwrite64(6, "\r\0\0\0\1\17\354\0\17\354\0\0\0\0\0\0\0\0\0\0\0\0\0\0\0\0\0\0\0\0\0\0"..., 4096, 516) = 4096
32    pwrite64(6, "\36'<\300", 4, 4612) = 4
32    fcntl(5, F_SETLK, {l_type=F_WRLCK, l_whence=SEEK_SET, l_start=1073741824, l_len=1}) = 0
32    fcntl(5, F_SETLK, {l_type=F_WRLCK, l_whence=SEEK_SET, l_start=1073741826, l_len=510}) = 0
32    pwrite64(6, "\0\0\0\1", 4, 4616)  = 4
32    pwrite64(6, "SQLite format 3\0\20\0\1\1\0@  \0\0\0\7\0\0\0\5"..., 4096, 4620) = 4096
32    pwrite64(6, "\36'>\7", 4, 8716)   = 4
32    pread64(6, "", 8, 9216)           = 0
32    fdatasync(6)                      = 0
32    open("/", O_RDONLY|O_LARGEFILE|O_CLOEXEC) = 7
32    fcntl(7, F_SETFD, FD_CLOEXEC)     = 0
32    fdatasync(7)                      = 0
32    close(7)                          = 0
32    pwrite64(6, "\331\325\5\371 \241c\327\0\0\0\2", 12, 0) = 12
32    fdatasync(6)                      = 0
32    pwrite64(5, "SQLite format 3\0\20\0\1\1\0@  \0\0\0\10\0\0\0\5"..., 4096, 0) = 4096
32    pwrite64(5, "\r\0\0\0\2\17\324\0\17\354\17\324\0\0\0\0\0\0\0\0\0\0\0\0\0\0\0\0\0\0\0\0"..., 4096, 8192) = 4096
32    fdatasync(5)                      = 0
32    close(6)                          = 0
32    unlink("/sales.db-journal")       = 0
32    fcntl(5, F_SETLK, {l_type=F_RDLCK, l_whence=SEEK_SET, l_start=1073741826, l_len=510}) = 0
32    fcntl(5, F_SETLK, {l_type=F_UNLCK, l_whence=SEEK_SET, l_start=1073741824, l_len=2}) = 0
32    fcntl(5, F_SETLK, {l_type=F_UNLCK, l_whence=SEEK_SET, l_start=0, l_len=0}) = 0
32    fcntl(5, F_SETLK, {l_type=F_RDLCK, l_whence=SEEK_SET, l_start=1073741824, l_len=1}) = 0
32    fcntl(5, F_SETLK, {l_type=F_RDLCK, l_whence=SEEK_SET, l_start=1073741826, l_len=510}) = 0
32    fcntl(5, F_SETLK, {l_type=F_UNLCK, l_whence=SEEK_SET, l_start=1073741824, l_len=1}) = 0
32    stat("/sales.db-journal", 0x7ffe1cfbed20) = -1 ENOENT (No such file or directory)
32    pread64(5, "\0\0\0\10\0\0\0\5\0\0\0\0\0\0\0\0", 16, 24) = 16
32    stat("/sales.db-wal", 0x7ffe1cfbed20) = -1 ENOENT (No such file or directory)
32    fstat(5, {st_mode=S_IFREG|0644, st_size=20480, ...}) = 0
32    fcntl(5, F_SETLK, {l_type=F_WRLCK, l_whence=SEEK_SET, l_start=1073741825, l_len=1}) = 0
32    stat("/sales.db", {st_mode=S_IFREG|0644, st_size=20480, ...}) = 0
32    getpid()                          = 32
32    stat("/sales.db", {st_mode=S_IFREG|0644, st_size=20480, ...}) = 0
32    open("/sales.db-journal", O_RDWR|O_CREAT|O_LARGEFILE|O_NOFOLLOW|O_CLOEXEC, 0644) = 6
32    fcntl(6, F_SETFD, FD_CLOEXEC)     = 0
32    fstat(6, {st_mode=S_IFREG|0644, st_size=0, ...}) = 0
32    geteuid()                         = 0
32    fchown(6, 0, 0)                   = 0
32    pwrite64(6, "\0\0\0\0\0\0\0\0\0\0\0\0\177\260\334\314\0\0\0\5\0\0\2\0\0\0\20\0\0\0\0\0"..., 512, 0) = 512
32    pwrite64(6, "\0\0\0\3", 4, 512)   = 4
32    pwrite64(6, "\r\0\0\0\2\17\324\0\17\354\17\324\0\0\0\0\0\0\0\0\0\0\0\0\0\0\0\0\0\0\0\0"..., 4096, 516) = 4096
32    pwrite64(6, "\177\260\334\314", 4, 4612) = 4
32    fcntl(5, F_SETLK, {l_type=F_WRLCK, l_whence=SEEK_SET, l_start=1073741824, l_len=1}) = 0
32    fcntl(5, F_SETLK, {l_type=F_WRLCK, l_whence=SEEK_SET, l_start=1073741826, l_len=510}) = 0
32    pwrite64(6, "\0\0\0\1", 4, 4616)  = 4
32    pwrite64(6, "SQLite format 3\0\20\0\1\1\0@  \0\0\0\10\0\0\0\5"..., 4096, 4620) = 4096
32    pwrite64(6, "\177\260\336\23", 4, 8716) = 4
32    pread64(6, "", 8, 9216)           = 0
32    fdatasync(6)                      = 0
32    open("/", O_RDONLY|O_LARGEFILE|O_CLOEXEC) = 7
32    fcntl(7, F_SETFD, FD_CLOEXEC)     = 0
32    fdatasync(7)                      = 0
32    close(7)                          = 0
32    pwrite64(6, "\331\325\5\371 \241c\327\0\0\0\2", 12, 0) = 12
32    fdatasync(6)                      = 0
32    pwrite64(5, "SQLite format 3\0\20\0\1\1\0@  \0\0\0\t\0\0\0\5"..., 4096, 0) = 4096
32    pwrite64(5, "\r\0\0\0\3\17\274\0\17\354\17\324\17\274\0\0\0\0\0\0\0\0\0\0\0\0\0\0\0\0\0\0"..., 4096, 8192) = 4096
32    fdatasync(5)                      = 0
32    close(6)                          = 0
32    unlink("/sales.db-journal")       = 0
32    fcntl(5, F_SETLK, {l_type=F_RDLCK, l_whence=SEEK_SET, l_start=1073741826, l_len=510}) = 0
32    fcntl(5, F_SETLK, {l_type=F_UNLCK, l_whence=SEEK_SET, l_start=1073741824, l_len=2}) = 0
32    fcntl(5, F_SETLK, {l_type=F_UNLCK, l_whence=SEEK_SET, l_start=0, l_len=0}) = 0
32    fcntl(5, F_SETLK, {l_type=F_RDLCK, l_whence=SEEK_SET, l_start=1073741824, l_len=1}) = 0
32    fcntl(5, F_SETLK, {l_type=F_RDLCK, l_whence=SEEK_SET, l_start=1073741826, l_len=510}) = 0
32    fcntl(5, F_SETLK, {l_type=F_UNLCK, l_whence=SEEK_SET, l_start=1073741824, l_len=1}) = 0
32    stat("/sales.db-journal", 0x7ffe1cfbed20) = -1 ENOENT (No such file or directory)
32    pread64(5, "\0\0\0\t\0\0\0\5\0\0\0\0\0\0\0\0", 16, 24) = 16
32    stat("/sales.db-wal", 0x7ffe1cfbed20) = -1 ENOENT (No such file or directory)
32    fstat(5, {st_mode=S_IFREG|0644, st_size=20480, ...}) = 0
32    fcntl(5, F_SETLK, {l_type=F_WRLCK, l_whence=SEEK_SET, l_start=1073741825, l_len=1}) = 0
32    stat("/sales.db", {st_mode=S_IFREG|0644, st_size=20480, ...}) = 0
32    getpid()                          = 32
32    stat("/sales.db", {st_mode=S_IFREG|0644, st_size=20480, ...}) = 0
32    open("/sales.db-journal", O_RDWR|O_CREAT|O_LARGEFILE|O_NOFOLLOW|O_CLOEXEC, 0644) = 6
32    fcntl(6, F_SETFD, FD_CLOEXEC)     = 0
32    fstat(6, {st_mode=S_IFREG|0644, st_size=0, ...}) = 0
32    geteuid()                         = 0
32    fchown(6, 0, 0)                   = 0
32    pwrite64(6, "\0\0\0\0\0\0\0\0\0\0\0\0\377\t\261\260\0\0\0\5\0\0\2\0\0\0\20\0\0\0\0\0"..., 512, 0) = 512
32    pwrite64(6, "\0\0\0\4", 4, 512)   = 4
32    pwrite64(6, "\r\0\0\0\0\20\0\0\0\0\0\0\0\0\0\0\0\0\0\0\0\0\0\0\0\0\0\0\0\0\0\0"..., 4096, 516) = 4096
32    pwrite64(6, "\377\t\261\260", 4, 4612) = 4
32    fcntl(5, F_SETLK, {l_type=F_WRLCK, l_whence=SEEK_SET, l_start=1073741824, l_len=1}) = 0
32    fcntl(5, F_SETLK, {l_type=F_WRLCK, l_whence=SEEK_SET, l_start=1073741826, l_len=510}) = 0
32    pwrite64(6, "\0\0\0\1", 4, 4616)  = 4
32    pwrite64(6, "SQLite format 3\0\20\0\1\1\0@  \0\0\0\t\0\0\0\5"..., 4096, 4620) = 4096
32    pwrite64(6, "\377\t\262\367", 4, 8716) = 4
32    pread64(6, "", 8, 9216)           = 0
32    fdatasync(6)                      = 0
32    open("/", O_RDONLY|O_LARGEFILE|O_CLOEXEC) = 7
32    fcntl(7, F_SETFD, FD_CLOEXEC)     = 0
32    fdatasync(7)                      = 0
32    close(7)                          = 0
32    pwrite64(6, "\331\325\5\371 \241c\327\0\0\0\2", 12, 0) = 12
32    fdatasync(6)                      = 0
32    pwrite64(5, "SQLite format 3\0\20\0\1\1\0@  \0\0\0\n\0\0\0\5"..., 4096, 0) = 4096
32    pwrite64(5, "\r\0\0\0\1\17\360\0\17\360\0\0\0\0\0\0\0\0\0\0\0\0\0\0\0\0\0\0\0\0\0\0"..., 4096, 12288) = 4096
32    fdatasync(5)                      = 0
32    close(6)                          = 0
32    unlink("/sales.db-journal")       = 0
32    fcntl(5, F_SETLK, {l_type=F_RDLCK, l_whence=SEEK_SET, l_start=1073741826, l_len=510}) = 0
32    fcntl(5, F_SETLK, {l_type=F_UNLCK, l_whence=SEEK_SET, l_start=1073741824, l_len=2}) = 0
32    fcntl(5, F_SETLK, {l_type=F_UNLCK, l_whence=SEEK_SET, l_start=0, l_len=0}) = 0
32    fcntl(5, F_SETLK, {l_type=F_RDLCK, l_whence=SEEK_SET, l_start=1073741824, l_len=1}) = 0
32    fcntl(5, F_SETLK, {l_type=F_RDLCK, l_whence=SEEK_SET, l_start=1073741826, l_len=510}) = 0
32    fcntl(5, F_SETLK, {l_type=F_UNLCK, l_whence=SEEK_SET, l_start=1073741824, l_len=1}) = 0
32    stat("/sales.db-journal", 0x7ffe1cfbed20) = -1 ENOENT (No such file or directory)
32    pread64(5, "\0\0\0\n\0\0\0\5\0\0\0\0\0\0\0\0", 16, 24) = 16
32    stat("/sales.db-wal", 0x7ffe1cfbed20) = -1 ENOENT (No such file or directory)
32    fstat(5, {st_mode=S_IFREG|0644, st_size=20480, ...}) = 0
32    fcntl(5, F_SETLK, {l_type=F_WRLCK, l_whence=SEEK_SET, l_start=1073741825, l_len=1}) = 0
32    stat("/sales.db", {st_mode=S_IFREG|0644, st_size=20480, ...}) = 0
32    getpid()                          = 32
32    stat("/sales.db", {st_mode=S_IFREG|0644, st_size=20480, ...}) = 0
32    open("/sales.db-journal", O_RDWR|O_CREAT|O_LARGEFILE|O_NOFOLLOW|O_CLOEXEC, 0644) = 6
32    fcntl(6, F_SETFD, FD_CLOEXEC)     = 0
32    fstat(6, {st_mode=S_IFREG|0644, st_size=0, ...}) = 0
32    geteuid()                         = 0
32    fchown(6, 0, 0)                   = 0
32    pwrite64(6, "\0\0\0\0\0\0\0\0\0\0\0\0d\r@\215\0\0\0\5\0\0\2\0\0\0\20\0\0\0\0\0"..., 512, 0) = 512
32    pwrite64(6, "\0\0\0\4", 4, 512)   = 4
32    pwrite64(6, "\r\0\0\0\1\17\360\0\17\360\0\0\0\0\0\0\0\0\0\0\0\0\0\0\0\0\0\0\0\0\0\0"..., 4096, 516) = 4096
32    pwrite64(6, "d\r@\215", 4, 4612)  = 4
32    fcntl(5, F_SETLK, {l_type=F_WRLCK, l_whence=SEEK_SET, l_start=1073741824, l_len=1}) = 0
32    fcntl(5, F_SETLK, {l_type=F_WRLCK, l_whence=SEEK_SET, l_start=1073741826, l_len=510}) = 0
32    pwrite64(6, "\0\0\0\1", 4, 4616)  = 4
32    pwrite64(6, "SQLite format 3\0\20\0\1\1\0@  \0\0\0\n\0\0\0\5"..., 4096, 4620) = 4096
32    pwrite64(6, "d\rA\324", 4, 8716)  = 4
32    pread64(6, "", 8, 9216)           = 0
32    fdatasync(6)                      = 0
32    open("/", O_RDONLY|O_LARGEFILE|O_CLOEXEC) = 7
32    fcntl(7, F_SETFD, FD_CLOEXEC)     = 0
32    fdatasync(7)                      = 0
32    close(7)                          = 0
32    pwrite64(6, "\331\325\5\371 \241c\327\0\0\0\2", 12, 0) = 12
32    fdatasync(6)                      = 0
32    pwrite64(5, "SQLite format 3\0\20\0\1\1\0@  \0\0\0\v\0\0\0\5"..., 4096, 0) = 4096
32    pwrite64(5, "\r\0\0\0\2\17\337\0\17\360\17\337\0\0\0\0\0\0\0\0\0\0\0\0\0\0\0\0\0\0\0\0"..., 4096, 12288) = 4096
32    fdatasync(5)                      = 0
32    close(6)                          = 0
32    unlink("/sales.db-journal")       = 0
32    fcntl(5, F_SETLK, {l_type=F_RDLCK, l_whence=SEEK_SET, l_start=1073741826, l_len=510}) = 0
32    fcntl(5, F_SETLK, {l_type=F_UNLCK, l_whence=SEEK_SET, l_start=1073741824, l_len=2}) = 0
32    fcntl(5, F_SETLK, {l_type=F_UNLCK, l_whence=SEEK_SET, l_start=0, l_len=0}) = 0
32    fcntl(5, F_SETLK, {l_type=F_RDLCK, l_whence=SEEK_SET, l_start=1073741824, l_len=1}) = 0
32    fcntl(5, F_SETLK, {l_type=F_RDLCK, l_whence=SEEK_SET, l_start=1073741826, l_len=510}) = 0
32    fcntl(5, F_SETLK, {l_type=F_UNLCK, l_whence=SEEK_SET, l_start=1073741824, l_len=1}) = 0
32    stat("/sales.db-journal", 0x7ffe1cfbed20) = -1 ENOENT (No such file or directory)
32    pread64(5, "\0\0\0\v\0\0\0\5\0\0\0\0\0\0\0\0", 16, 24) = 16
32    stat("/sales.db-wal", 0x7ffe1cfbed20) = -1 ENOENT (No such file or directory)
32    fstat(5, {st_mode=S_IFREG|0644, st_size=20480, ...}) = 0
32    fcntl(5, F_SETLK, {l_type=F_WRLCK, l_whence=SEEK_SET, l_start=1073741825, l_len=1}) = 0
32    stat("/sales.db", {st_mode=S_IFREG|0644, st_size=20480, ...}) = 0
32    getpid()                          = 32
32    stat("/sales.db", {st_mode=S_IFREG|0644, st_size=20480, ...}) = 0
32    open("/sales.db-journal", O_RDWR|O_CREAT|O_LARGEFILE|O_NOFOLLOW|O_CLOEXEC, 0644) = 6
32    fcntl(6, F_SETFD, FD_CLOEXEC)     = 0
32    fstat(6, {st_mode=S_IFREG|0644, st_size=0, ...}) = 0
32    geteuid()                         = 0
32    fchown(6, 0, 0)                   = 0
32    pwrite64(6, "\0\0\0\0\0\0\0\0\0\0\0\0\215K4\260\0\0\0\5\0\0\2\0\0\0\20\0\0\0\0\0"..., 512, 0) = 512
32    pwrite64(6, "\0\0\0\5", 4, 512)   = 4
32    pwrite64(6, "\r\0\0\0\0\20\0\0\0\0\0\0\0\0\0\0\0\0\0\0\0\0\0\0\0\0\0\0\0\0\0\0"..., 4096, 516) = 4096
32    pwrite64(6, "\215K4\260", 4, 4612) = 4
32    fcntl(5, F_SETLK, {l_type=F_WRLCK, l_whence=SEEK_SET, l_start=1073741824, l_len=1}) = 0
32    fcntl(5, F_SETLK, {l_type=F_WRLCK, l_whence=SEEK_SET, l_start=1073741826, l_len=510}) = 0
32    pwrite64(6, "\0\0\0\1", 4, 4616)  = 4
32    pwrite64(6, "SQLite format 3\0\20\0\1\1\0@  \0\0\0\v\0\0\0\5"..., 4096, 4620) = 4096
32    pwrite64(6, "\215K5\367", 4, 8716) = 4
32    pread64(6, "", 8, 9216)           = 0
32    fdatasync(6)                      = 0
32    open("/", O_RDONLY|O_LARGEFILE|O_CLOEXEC) = 7
32    fcntl(7, F_SETFD, FD_CLOEXEC)     = 0
32    fdatasync(7)                      = 0
32    close(7)                          = 0
32    pwrite64(6, "\331\325\5\371 \241c\327\0\0\0\2", 12, 0) = 12
32    fdatasync(6)                      = 0
32    pwrite64(5, "SQLite format 3\0\20\0\1\1\0@  \0\0\0\f\0\0\0\5"..., 4096, 0) = 4096
32    pwrite64(5, "\r\0\0\0\1\17\371\0\17\371\0\0\0\0\0\0\0\0\0\0\0\0\0\0\0\0\0\0\0\0\0\0"..., 4096, 16384) = 4096
32    fdatasync(5)                      = 0
32    close(6)                          = 0
32    unlink("/sales.db-journal")       = 0
32    fcntl(5, F_SETLK, {l_type=F_RDLCK, l_whence=SEEK_SET, l_start=1073741826, l_len=510}) = 0
32    fcntl(5, F_SETLK, {l_type=F_UNLCK, l_whence=SEEK_SET, l_start=1073741824, l_len=2}) = 0
32    fcntl(5, F_SETLK, {l_type=F_UNLCK, l_whence=SEEK_SET, l_start=0, l_len=0}) = 0
32    fcntl(5, F_SETLK, {l_type=F_RDLCK, l_whence=SEEK_SET, l_start=1073741824, l_len=1}) = 0
32    fcntl(5, F_SETLK, {l_type=F_RDLCK, l_whence=SEEK_SET, l_start=1073741826, l_len=510}) = 0
32    fcntl(5, F_SETLK, {l_type=F_UNLCK, l_whence=SEEK_SET, l_start=1073741824, l_len=1}) = 0
32    stat("/sales.db-journal", 0x7ffe1cfbed20) = -1 ENOENT (No such file or directory)
32    pread64(5, "\0\0\0\f\0\0\0\5\0\0\0\0\0\0\0\0", 16, 24) = 16
32    stat("/sales.db-wal", 0x7ffe1cfbed20) = -1 ENOENT (No such file or directory)
32    fstat(5, {st_mode=S_IFREG|0644, st_size=20480, ...}) = 0
32    fcntl(5, F_SETLK, {l_type=F_WRLCK, l_whence=SEEK_SET, l_start=1073741825, l_len=1}) = 0
32    stat("/sales.db", {st_mode=S_IFREG|0644, st_size=20480, ...}) = 0
32    getpid()                          = 32
32    stat("/sales.db", {st_mode=S_IFREG|0644, st_size=20480, ...}) = 0
32    open("/sales.db-journal", O_RDWR|O_CREAT|O_LARGEFILE|O_NOFOLLOW|O_CLOEXEC, 0644) = 6
32    fcntl(6, F_SETFD, FD_CLOEXEC)     = 0
32    fstat(6, {st_mode=S_IFREG|0644, st_size=0, ...}) = 0
32    geteuid()                         = 0
32    fchown(6, 0, 0)                   = 0
32    pwrite64(6, "\0\0\0\0\0\0\0\0\0\0\0\0=S#\336\0\0\0\5\0\0\2\0\0\0\20\0\0\0\0\0"..., 512, 0) = 512
32    pwrite64(6, "\0\0\0\5", 4, 512)   = 4
32    pwrite64(6, "\r\0\0\0\1\17\371\0\17\371\0\0\0\0\0\0\0\0\0\0\0\0\0\0\0\0\0\0\0\0\0\0"..., 4096, 516) = 4096
32    pwrite64(6, "=S#\336", 4, 4612)   = 4
32    fcntl(5, F_SETLK, {l_type=F_WRLCK, l_whence=SEEK_SET, l_start=1073741824, l_len=1}) = 0
32    fcntl(5, F_SETLK, {l_type=F_WRLCK, l_whence=SEEK_SET, l_start=1073741826, l_len=510}) = 0
32    pwrite64(6, "\0\0\0\1", 4, 4616)  = 4
32    pwrite64(6, "SQLite format 3\0\20\0\1\1\0@  \0\0\0\f\0\0\0\5"..., 4096, 4620) = 4096
32    pwrite64(6, "=S%%", 4, 8716)      = 4
32    pread64(6, "", 8, 9216)           = 0
32    fdatasync(6)                      = 0
32    open("/", O_RDONLY|O_LARGEFILE|O_CLOEXEC) = 7
32    fcntl(7, F_SETFD, FD_CLOEXEC)     = 0
32    fdatasync(7)                      = 0
32    close(7)                          = 0
32    pwrite64(6, "\331\325\5\371 \241c\327\0\0\0\2", 12, 0) = 12
32    fdatasync(6)                      = 0
32    pwrite64(5, "SQLite format 3\0\20\0\1\1\0@  \0\0\0\r\0\0\0\5"..., 4096, 0) = 4096
32    pwrite64(5, "\r\0\0\0\2\17\360\0\17\371\17\360\0\0\0\0\0\0\0\0\0\0\0\0\0\0\0\0\0\0\0\0"..., 4096, 16384) = 4096
32    fdatasync(5)                      = 0
32    close(6)                          = 0
32    unlink("/sales.db-journal")       = 0
32    fcntl(5, F_SETLK, {l_type=F_RDLCK, l_whence=SEEK_SET, l_start=1073741826, l_len=510}) = 0
32    fcntl(5, F_SETLK, {l_type=F_UNLCK, l_whence=SEEK_SET, l_start=1073741824, l_len=2}) = 0
32    fcntl(5, F_SETLK, {l_type=F_UNLCK, l_whence=SEEK_SET, l_start=0, l_len=0}) = 0
32    fcntl(5, F_SETLK, {l_type=F_RDLCK, l_whence=SEEK_SET, l_start=1073741824, l_len=1}) = 0
32    fcntl(5, F_SETLK, {l_type=F_RDLCK, l_whence=SEEK_SET, l_start=1073741826, l_len=510}) = 0
32    fcntl(5, F_SETLK, {l_type=F_UNLCK, l_whence=SEEK_SET, l_start=1073741824, l_len=1}) = 0
32    stat("/sales.db-journal", 0x7ffe1cfbed20) = -1 ENOENT (No such file or directory)
32    pread64(5, "\0\0\0\r\0\0\0\5\0\0\0\0\0\0\0\0", 16, 24) = 16
32    stat("/sales.db-wal", 0x7ffe1cfbed20) = -1 ENOENT (No such file or directory)
32    fstat(5, {st_mode=S_IFREG|0644, st_size=20480, ...}) = 0
32    fcntl(5, F_SETLK, {l_type=F_WRLCK, l_whence=SEEK_SET, l_start=1073741825, l_len=1}) = 0
32    stat("/sales.db", {st_mode=S_IFREG|0644, st_size=20480, ...}) = 0
32    getpid()                          = 32
32    stat("/sales.db", {st_mode=S_IFREG|0644, st_size=20480, ...}) = 0
32    open("/sales.db-journal", O_RDWR|O_CREAT|O_LARGEFILE|O_NOFOLLOW|O_CLOEXEC, 0644) = 6
32    fcntl(6, F_SETFD, FD_CLOEXEC)     = 0
32    fstat(6, {st_mode=S_IFREG|0644, st_size=0, ...}) = 0
32    geteuid()                         = 0
32    fchown(6, 0, 0)                   = 0
32    pwrite64(6, "\0\0\0\0\0\0\0\0\0\0\0\0\263\314\250\260\0\0\0\5\0\0\2\0\0\0\20\0\0\0\0\0"..., 512, 0) = 512
32    pwrite64(6, "\0\0\0\5", 4, 512)   = 4
32    pwrite64(6, "\r\0\0\0\2\17\360\0\17\371\17\360\0\0\0\0\0\0\0\0\0\0\0\0\0\0\0\0\0\0\0\0"..., 4096, 516) = 4096
32    pwrite64(6, "\263\314\250\260", 4, 4612) = 4
32    fcntl(5, F_SETLK, {l_type=F_WRLCK, l_whence=SEEK_SET, l_start=1073741824, l_len=1}) = 0
32    fcntl(5, F_SETLK, {l_type=F_WRLCK, l_whence=SEEK_SET, l_start=1073741826, l_len=510}) = 0
32    pwrite64(6, "\0\0\0\1", 4, 4616)  = 4
32    pwrite64(6, "SQLite format 3\0\20\0\1\1\0@  \0\0\0\r\0\0\0\5"..., 4096, 4620) = 4096
32    pwrite64(6, "\263\314\251\367", 4, 8716) = 4
32    pread64(6, "", 8, 9216)           = 0
32    fdatasync(6)                      = 0
32    open("/", O_RDONLY|O_LARGEFILE|O_CLOEXEC) = 7
32    fcntl(7, F_SETFD, FD_CLOEXEC)     = 0
32    fdatasync(7)                      = 0
32    close(7)                          = 0
32    pwrite64(6, "\331\325\5\371 \241c\327\0\0\0\2", 12, 0) = 12
32    fdatasync(6)                      = 0
32    pwrite64(5, "SQLite format 3\0\20\0\1\1\0@  \0\0\0\16\0\0\0\5"..., 4096, 0) = 4096
32    pwrite64(5, "\r\0\0\0\3\17\347\0\17\371\17\360\17\347\0\0\0\0\0\0\0\0\0\0\0\0\0\0\0\0\0\0"..., 4096, 16384) = 4096
32    fdatasync(5)                      = 0
32    close(6)                          = 0
32    unlink("/sales.db-journal")       = 0
32    fcntl(5, F_SETLK, {l_type=F_RDLCK, l_whence=SEEK_SET, l_start=1073741826, l_len=510}) = 0
32    fcntl(5, F_SETLK, {l_type=F_UNLCK, l_whence=SEEK_SET, l_start=1073741824, l_len=2}) = 0
32    fcntl(5, F_SETLK, {l_type=F_UNLCK, l_whence=SEEK_SET, l_start=0, l_len=0}) = 0
32    read(4, "", 1024)                 = 0
32    close(4)                          = 0
32    stat("query.sql", {st_mode=S_IFREG|0644, st_size=531, ...}) = 0
32    open("query.sql", O_RDONLY|O_LARGEFILE) = 4
32    read(4, ".headers on\n.mode column\n\n-- Lis"..., 1024) = 531
32    fcntl(5, F_SETLK, {l_type=F_RDLCK, l_whence=SEEK_SET, l_start=1073741824, l_len=1}) = 0
32    fcntl(5, F_SETLK, {l_type=F_RDLCK, l_whence=SEEK_SET, l_start=1073741826, l_len=510}) = 0
32    fcntl(5, F_SETLK, {l_type=F_UNLCK, l_whence=SEEK_SET, l_start=1073741824, l_len=1}) = 0
32    stat("/sales.db-journal", 0x7ffe1cfbed20) = -1 ENOENT (No such file or directory)
32    pread64(5, "\0\0\0\16\0\0\0\5\0\0\0\0\0\0\0\0", 16, 24) = 16
32    stat("/sales.db-wal", 0x7ffe1cfbed20) = -1 ENOENT (No such file or directory)
32    fstat(5, {st_mode=S_IFREG|0644, st_size=20480, ...}) = 0
32    fcntl(5, F_SETLK, {l_type=F_UNLCK, l_whence=SEEK_SET, l_start=0, l_len=0}) = 0
32    ioctl(1, TIOCGWINSZ, {ws_row=24, ws_col=80, ws_xpixel=0, ws_ypixel=0}) = 0
32    writev(1, [{iov_base="CustomerID  Name         Email  "..., iov_len=42}, {iov_base="\n", iov_len=1}], 2) = 43
32    writev(1, [{iov_base="----------  -----------  -------"..., iov_len=42}, {iov_base="\n", iov_len=1}], 2) = 43
32    writev(1, [{iov_base="1           Alice Smith  alice@e"..., iov_len=42}, {iov_base="\n", iov_len=1}], 2) = 43
32    writev(1, [{iov_base="2           Bob Johnson  bob@exa"..., iov_len=42}, {iov_base="\n", iov_len=1}], 2) = 43
32    fcntl(5, F_SETLK, {l_type=F_RDLCK, l_whence=SEEK_SET, l_start=1073741824, l_len=1}) = 0
32    fcntl(5, F_SETLK, {l_type=F_RDLCK, l_whence=SEEK_SET, l_start=1073741826, l_len=510}) = 0
32    fcntl(5, F_SETLK, {l_type=F_UNLCK, l_whence=SEEK_SET, l_start=1073741824, l_len=1}) = 0
32    stat("/sales.db-journal", 0x7ffe1cfbed20) = -1 ENOENT (No such file or directory)
32    pread64(5, "\0\0\0\16\0\0\0\5\0\0\0\0\0\0\0\0", 16, 24) = 16
32    stat("/sales.db-wal", 0x7ffe1cfbed20) = -1 ENOENT (No such file or directory)
32    fstat(5, {st_mode=S_IFREG|0644, st_size=20480, ...}) = 0
32    fcntl(5, F_SETLK, {l_type=F_UNLCK, l_whence=SEEK_SET, l_start=0, l_len=0}) = 0
32    writev(1, [{iov_base="OrderID  Customer     OrderDate ", iov_len=32}, {iov_base="\n", iov_len=1}], 2) = 33
32    writev(1, [{iov_base="-------  -----------  ----------", iov_len=32}, {iov_base="\n", iov_len=1}], 2) = 33
32    writev(1, [{iov_base="1        Alice Smith  2025-03-20", iov_len=32}, {iov_base="\n", iov_len=1}], 2) = 33
32    writev(1, [{iov_base="2        Bob Johnson  2025-03-21", iov_len=32}, {iov_base="\n", iov_len=1}], 2) = 33
32    mmap(NULL, 4096, PROT_READ|PROT_WRITE, MAP_PRIVATE|MAP_ANONYMOUS, -1, 0) = 0x7d81b6cdb000
32    munmap(0x7d81b6cdb000, 4096)      = 0
32    fcntl(5, F_SETLK, {l_type=F_RDLCK, l_whence=SEEK_SET, l_start=1073741824, l_len=1}) = 0
32    fcntl(5, F_SETLK, {l_type=F_RDLCK, l_whence=SEEK_SET, l_start=1073741826, l_len=510}) = 0
32    fcntl(5, F_SETLK, {l_type=F_UNLCK, l_whence=SEEK_SET, l_start=1073741824, l_len=1}) = 0
32    stat("/sales.db-journal", 0x7ffe1cfbed20) = -1 ENOENT (No such file or directory)
32    pread64(5, "\0\0\0\16\0\0\0\5\0\0\0\0\0\0\0\0", 16, 24) = 16
32    stat("/sales.db-wal", 0x7ffe1cfbed20) = -1 ENOENT (No such file or directory)
32    fstat(5, {st_mode=S_IFREG|0644, st_size=20480, ...}) = 0
32    fcntl(5, F_SETLK, {l_type=F_UNLCK, l_whence=SEEK_SET, l_start=0, l_len=0}) = 0
32    writev(1, [{iov_base="OrderID  Customer     ProductNam"..., iov_len=51}, {iov_base="\n", iov_len=1}], 2) = 52
32    writev(1, [{iov_base="-------  -----------  ----------"..., iov_len=51}, {iov_base="\n", iov_len=1}], 2) = 52
32    writev(1, [{iov_base="1        Alice Smith  Laptop    "..., iov_len=51}, {iov_base="\n", iov_len=1}], 2) = 52
32    writev(1, [{iov_base="1        Alice Smith  Headphones"..., iov_len=51}, {iov_base="\n", iov_len=1}], 2) = 52
32    writev(1, [{iov_base="2        Bob Johnson  Smartphone"..., iov_len=51}, {iov_base="\n", iov_len=1}], 2) = 52
32    read(4, "", 1024)                 = 0
32    close(4)                          = 0
32    read(3, "", 1024)                 = 0
32    close(3)                          = 0
32    writev(1, [{iov_base="SQLite version 3.44.2 2023-11-24"..., iov_len=41}, {iov_base="\nEnter \".help\" for usage hints.\n", iov_len=32}], 2) = 73
32    getuid()                          = 0
32    open("/etc/passwd", O_RDONLY|O_LARGEFILE|O_CLOEXEC) = 3
32    fcntl(3, F_SETFD, FD_CLOEXEC)     = 0
32    fcntl(3, F_SETFD, FD_CLOEXEC)     = 0
32    read(3, "root:x:0:0:root:/root:/bin/ash\nb"..., 1024) = 1024
32    lseek(3, -993, SEEK_CUR)          = 31
32    close(3)                          = 0
32    writev(1, [{iov_base="sqlite> ", iov_len=8}, {iov_base=NULL, iov_len=0}], 2) = 8
32    read(0, "show tables;\n", 1024)   = 13
32    writev(2, [{iov_base="Parse error: near \"show\": syntax"..., iov_len=72}, {iov_base=NULL, iov_len=0}], 2) = 72
32    writev(1, [{iov_base="sqlite> ", iov_len=8}, {iov_base=NULL, iov_len=0}], 2) = 8
32    read(0, "tables\n", 1024)         = 7
32    writev(1, [{iov_base="   ...> ", iov_len=8}, {iov_base=NULL, iov_len=0}], 2) = 8
32    read(0, ";\n", 1024)              = 2
32    writev(2, [{iov_base="Parse error: near \"tables\": synt"..., iov_len=70}, {iov_base=NULL, iov_len=0}], 2) = 70
32    writev(1, [{iov_base="sqlite> ", iov_len=8}, {iov_base=NULL, iov_len=0}], 2) = 8
32    read(0, ".\n", 1024)              = 2
32    writev(1, [{iov_base="sqlite> ", iov_len=8}, {iov_base=NULL, iov_len=0}], 2) = 8
32    read(0, ".tables;\n", 1024)       = 9
32    writev(2, [{iov_base="Error: unknown command or invali"..., iov_len=80}, {iov_base=NULL, iov_len=0}], 2) = 80
32    writev(1, [{iov_base="sqlite> ", iov_len=8}, {iov_base=NULL, iov_len=0}], 2) = 8
32    read(0, ".tables\n", 1024)        = 8
32    fcntl(5, F_SETLK, {l_type=F_RDLCK, l_whence=SEEK_SET, l_start=1073741824, l_len=1}) = 0
32    fcntl(5, F_SETLK, {l_type=F_RDLCK, l_whence=SEEK_SET, l_start=1073741826, l_len=510}) = 0
32    fcntl(5, F_SETLK, {l_type=F_UNLCK, l_whence=SEEK_SET, l_start=1073741824, l_len=1}) = 0
32    stat("/sales.db-journal", 0x7ffe1cfbf950) = -1 ENOENT (No such file or directory)
32    pread64(5, "\0\0\0\16\0\0\0\5\0\0\0\0\0\0\0\0", 16, 24) = 16
32    stat("/sales.db-wal", 0x7ffe1cfbf950) = -1 ENOENT (No such file or directory)
32    fstat(5, {st_mode=S_IFREG|0644, st_size=20480, ...}) = 0
32    fcntl(5, F_SETLK, {l_type=F_UNLCK, l_whence=SEEK_SET, l_start=0, l_len=0}) = 0
32    writev(1, [{iov_base="Customer     Order        OrderD"..., iov_len=50}, {iov_base="\n", iov_len=1}], 2) = 51
32    writev(1, [{iov_base="sqlite> ", iov_len=8}, {iov_base=NULL, iov_len=0}], 2) = 8
32    read(0, "select * from Customer\n", 1024) = 23
32    writev(1, [{iov_base="   ...> ", iov_len=8}, {iov_base=NULL, iov_len=0}], 2) = 8
32    read(0, ";\n", 1024)              = 2
32    fcntl(5, F_SETLK, {l_type=F_RDLCK, l_whence=SEEK_SET, l_start=1073741824, l_len=1}) = 0
32    fcntl(5, F_SETLK, {l_type=F_RDLCK, l_whence=SEEK_SET, l_start=1073741826, l_len=510}) = 0
32    fcntl(5, F_SETLK, {l_type=F_UNLCK, l_whence=SEEK_SET, l_start=1073741824, l_len=1}) = 0
32    stat("/sales.db-journal", 0x7ffe1cfc15d0) = -1 ENOENT (No such file or directory)
32    pread64(5, "\0\0\0\16\0\0\0\5\0\0\0\0\0\0\0\0", 16, 24) = 16
32    stat("/sales.db-wal", 0x7ffe1cfc15d0) = -1 ENOENT (No such file or directory)
32    fstat(5, {st_mode=S_IFREG|0644, st_size=20480, ...}) = 0
32    fcntl(5, F_SETLK, {l_type=F_UNLCK, l_whence=SEEK_SET, l_start=0, l_len=0}) = 0
32    writev(1, [{iov_base="CustomerID  Name         Email  "..., iov_len=42}, {iov_base="\n", iov_len=1}], 2) = 43
32    writev(1, [{iov_base="----------  -----------  -------"..., iov_len=42}, {iov_base="\n", iov_len=1}], 2) = 43
32    writev(1, [{iov_base="1           Alice Smith  alice@e"..., iov_len=42}, {iov_base="\n", iov_len=1}], 2) = 43
32    writev(1, [{iov_base="2           Bob Johnson  bob@exa"..., iov_len=42}, {iov_base="\n", iov_len=1}], 2) = 43
32    writev(1, [{iov_base="sqlite> ", iov_len=8}, {iov_base=NULL, iov_len=0}], 2) = 8
32    read(0, "", 1024)                 = 0
32    nanosleep({tv_sec=0, tv_nsec=50000000}, NULL) = 0
32    writev(1, [{iov_base="", iov_len=0}, {iov_base="\n", iov_len=1}], 2) = 1
32    stat("/sales.db", {st_mode=S_IFREG|0644, st_size=20480, ...}) = 0
32    fstat(5, {st_mode=S_IFREG|0644, st_size=20480, ...}) = 0
32    stat("/sales.db", {st_mode=S_IFREG|0644, st_size=20480, ...}) = 0
32    close(5)                          = 0
32    munmap(0x7d81b6cdd000, 90112)     = 0
32    munmap(0x7d81b6d01000, 8192)      = 0
32    munmap(0x7d81b6cda000, 4096)      = 0
32    munmap(0x7d81b6d03000, 16384)     = 0
32    munmap(0x7d81b6d07000, 4096)      = 0
32    munmap(0x7d81b6d00000, 4096)      = 0
32    munmap(0x7d81b6cf3000, 49152)     = 0
32    munmap(0x7d81b6cdc000, 4096)      = 0
32    exit_group(1)                     = ?
32    +++ exited with 1 +++
