21    execve("/usr/bin/sqlite3", ["/usr/bin/sqlite3"], 0x7ffce9b18638 /* 8 vars */) = 0
21    arch_prctl(ARCH_SET_FS, 0x7c3a3f9f3b08) = 0
21    set_tid_address(0x7c3a3f9f3f70)   = 21
21    brk(NULL)                         = 0x64297f728000
21    brk(0x64297f72a000)               = 0x64297f72a000
21    mmap(0x64297f728000, 4096, PROT_NONE, MAP_PRIVATE|MAP_FIXED|MAP_ANONYMOUS, -1, 0) = 0x64297f728000
21    open("/usr/lib/libz.so.1", O_RDONLY|O_LARGEFILE|O_CLOEXEC) = -1 ENOENT (No such file or directory)
21    open("/etc/ld-musl-x86_64.path", O_RDONLY|O_LARGEFILE|O_CLOEXEC) = -1 ENOENT (No such file or directory)
21    open("/lib/libz.so.1", O_RDONLY|O_LARGEFILE|O_CLOEXEC) = 3
21    fcntl(3, F_SETFD, FD_CLOEXEC)     = 0
21    fstat(3, {st_mode=S_IFREG|0755, st_size=100208, ...}) = 0
21    read(3, "\177ELF\2\1\1\0\0\0\0\0\0\0\0\0\3\0>\0\1\0\0\0\0\0\0\0\0\0\0\0"..., 960) = 960
21    mmap(NULL, 106496, PROT_READ, MAP_PRIVATE, 3, 0) = 0x7c3a3f938000
21    mmap(0x7c3a3f93b000, 57344, PROT_READ|PROT_EXEC, MAP_PRIVATE|MAP_FIXED, 3, 0x3000) = 0x7c3a3f93b000
21    mmap(0x7c3a3f949000, 28672, PROT_READ, MAP_PRIVATE|MAP_FIXED, 3, 0x11000) = 0x7c3a3f949000
21    mmap(0x7c3a3f950000, 8192, PROT_READ|PROT_WRITE, MAP_PRIVATE|MAP_FIXED, 3, 0x17000) = 0x7c3a3f950000
21    close(3)                          = 0
21    mprotect(0x7c3a3f950000, 4096, PROT_READ) = 0
21    mprotect(0x7c3a3f9f0000, 4096, PROT_READ) = 0
21    mprotect(0x64295deba000, 20480, PROT_READ) = 0
21    ioctl(2, TIOCGWINSZ, {ws_row=24, ws_col=80, ws_xpixel=0, ws_ypixel=0}) = 0
21    ioctl(1, TIOCGWINSZ, {ws_row=24, ws_col=80, ws_xpixel=0, ws_ypixel=0}) = 0
21    ioctl(0, TIOCGWINSZ, {ws_row=24, ws_col=80, ws_xpixel=0, ws_ypixel=0}) = 0
21    rt_sigprocmask(SIG_UNBLOCK, [RT_1 RT_2], NULL, 8) = 0
21    rt_sigaction(SIGINT, {sa_handler=0x64295dd5bc30, sa_mask=[], sa_flags=SA_RESTORER|SA_RESTART, sa_restorer=0x7c3a3f99fea8}, {sa_handler=SIG_DFL, sa_mask=[], sa_flags=0}, 8) = 0
21    access(":memory:", F_OK)          = -1 ENOENT (No such file or directory)
21    getuid()                          = 0
21    open("/etc/passwd", O_RDONLY|O_LARGEFILE|O_CLOEXEC) = 3
21    fcntl(3, F_SETFD, FD_CLOEXEC)     = 0
21    mmap(NULL, 4096, PROT_READ|PROT_WRITE, MAP_PRIVATE|MAP_ANONYMOUS, -1, 0) = 0x7c3a3f937000
21    fcntl(3, F_SETFD, FD_CLOEXEC)     = 0
21    read(3, "root:x:0:0:root:/root:/bin/ash\nb"..., 1024) = 1024
21    lseek(3, -993, SEEK_CUR)          = 31
21    close(3)                          = 0
21    munmap(0x7c3a3f937000, 4096)      = 0
21    open("/root/.sqliterc", O_RDONLY|O_LARGEFILE) = -1 ENOENT (No such file or directory)
21    ioctl(1, TIOCGWINSZ, {ws_row=24, ws_col=80, ws_xpixel=0, ws_ypixel=0}) = 0
21    writev(1, [{iov_base="SQLite version 3.44.2 2023-11-24"..., iov_len=41}, {iov_base="\nEnter \".help\" for usage hints.\n", iov_len=32}], 2) = 73
21    writev(1, [{iov_base="Connected to a \33[1mtransient in-"..., iov_len=51}, {iov_base=".\nUse \".open FILENAME\" to reopen"..., iov_len=59}], 2) = 110
21    writev(1, [{iov_base="sqlite> ", iov_len=8}, {iov_base=NULL, iov_len=0}], 2) = 8
21    read(0, "", 1024)                 = 0
21    nanosleep({tv_sec=0, tv_nsec=50000000}, NULL) = 0
21    writev(1, [{iov_base="", iov_len=0}, {iov_base="\n", iov_len=1}], 2) = 1
21    exit_group(0)                     = ?
21    +++ exited with 0 +++
